  cs_add.c
  cs_amd.c
..\..\..\OTHER\CSPARSE\cs_amd.c(31): warning C4244: '=': conversion from 'double' to 'ptrdiff_t', possible loss of data
  cs_chol.c
  cs_cholsol.c
  cs_compress.c
  cs_counts.c
  cs_cumsum.c
  cs_dfs.c
  cs_dmperm.c
  cs_droptol.c
  cs_dropzeros.c
  cs_dupl.c
  cs_entry.c
  cs_ereach.c
  cs_etree.c
  cs_fkeep.c
  cs_gaxpy.c
  cs_happly.c
  cs_house.c
  cs_ipvec.c
  Generating Code...
  Compiling...
  cs_leaf.c
  cs_load.c
..\..\..\OTHER\CSPARSE\cs_load.c(10): warning C4996: 'fscanf': This function or variable may be unsafe. Consider using fscanf_s instead. To disable deprecation, use _CRT_SECURE_NO_WARNINGS. See online help for details.
  C:\Program Files (x86)\Windows Kits\10\Include\10.0.10240.0\ucrt\stdio.h(1193): note: see declaration of 'fscanf'
  cs_lsolve.c
  cs_ltsolve.c
  cs_lu.c
..\..\..\OTHER\CSPARSE\cs_lu.c(11): warning C4244: '=': conversion from 'const double' to 'ptrdiff_t', possible loss of data
  cs_lusol.c
  cs_malloc.c
  cs_maxtrans.c
  cs_multiply.c
  cs_norm.c
  cs_permute.c
  cs_pinv.c
  cs_post.c
  cs_print.c
  cs_pvec.c
  cs_qr.c
..\..\..\OTHER\CSPARSE\cs_qr.c(13): warning C4244: '=': conversion from 'const double' to 'ptrdiff_t', possible loss of data
  cs_qrsol.c
  cs_randperm.c
..\..\..\OTHER\CSPARSE\cs_randperm.c(13): warning C4244: 'function': conversion from 'ptrdiff_t' to 'unsigned int', possible loss of data
  cs_reach.c
  cs_scatter.c
  Generating Code...
  Compiling...
  cs_scc.c
  cs_schol.c
  cs_spsolve.c
  cs_sqr.c
..\..\..\OTHER\CSPARSE\cs_sqr.c(84): warning C4244: '=': conversion from 'ptrdiff_t' to 'double', possible loss of data
  cs_symperm.c
  cs_tdfs.c
  cs_transpose.c
  cs_updown.c
  cs_usolve.c
  cs_util.c
  cs_utsolve.c
  Generating Code...
  cssparse.vcxproj -> F:\OpenSeesR6236\Win64\proj\cssparse\.\..\..\lib\debug\cssparse.lib
