  colamd.c
..\..\..\OTHER\SuperLU_5.0\SRC\colamd.c(1785): warning C4244: '=': conversion from 'double' to 'int', possible loss of data
..\..\..\OTHER\SuperLU_5.0\SRC\colamd.c(1786): warning C4244: '=': conversion from 'double' to 'int', possible loss of data
  dcolumn_bmod.c
..\..\..\OTHER\SuperLU_5.0\SRC\dcolumn_bmod.c(69): warning C4101: 'alpha': unreferenced local variable
..\..\..\OTHER\SuperLU_5.0\SRC\dcolumn_bmod.c(69): warning C4101: 'beta': unreferenced local variable
  dcolumn_dfs.c
  dcopy_to_ucol.c
  ddiagonal.c
  dgscon.c
..\..\..\OTHER\SuperLU_5.0\SRC\dgscon.c(118): warning C4996: 'sprintf': This function or variable may be unsafe. Consider using sprintf_s instead. To disable deprecation, use _CRT_SECURE_NO_WARNINGS. See online help for details.
  C:\Program Files (x86)\Windows Kits\10\Include\10.0.10240.0\ucrt\stdio.h(1769): note: see declaration of 'sprintf'
  dgsequ.c
  dgsisx.c
..\..\..\OTHER\SuperLU_5.0\SRC\dgsisx.c(621): warning C4244: '=': conversion from 'int_t' to 'float', possible loss of data
..\..\..\OTHER\SuperLU_5.0\SRC\dgsisx.c(543): warning C4996: 'sprintf': This function or variable may be unsafe. Consider using sprintf_s instead. To disable deprecation, use _CRT_SECURE_NO_WARNINGS. See online help for details.
  C:\Program Files (x86)\Windows Kits\10\Include\10.0.10240.0\ucrt\stdio.h(1769): note: see declaration of 'sprintf'
..\..\..\OTHER\SuperLU_5.0\SRC\dgsisx.c(630): warning C4996: 'sprintf': This function or variable may be unsafe. Consider using sprintf_s instead. To disable deprecation, use _CRT_SECURE_NO_WARNINGS. See online help for details.
  C:\Program Files (x86)\Windows Kits\10\Include\10.0.10240.0\ucrt\stdio.h(1769): note: see declaration of 'sprintf'
..\..\..\OTHER\SuperLU_5.0\SRC\dgsisx.c(667): warning C4101: 'rhs_work': unreferenced local variable
  dgsitrf.c
..\..\..\OTHER\SuperLU_5.0\SRC\dgsitrf.c(336): warning C4244: '=': conversion from 'double' to 'int', possible loss of data
..\..\..\OTHER\SuperLU_5.0\SRC\dgsitrf.c(342): warning C4244: '=': conversion from 'double' to 'int', possible loss of data
..\..\..\OTHER\SuperLU_5.0\SRC\dgsitrf.c(345): warning C4244: '=': conversion from 'double' to 'int', possible loss of data
..\..\..\OTHER\SuperLU_5.0\SRC\dgsitrf.c(499): warning C4244: '=': conversion from 'double' to 'int', possible loss of data
..\..\..\OTHER\SuperLU_5.0\SRC\dgsitrf.c(502): warning C4244: '=': conversion from 'double' to 'int', possible loss of data
..\..\..\OTHER\SuperLU_5.0\SRC\dgsitrf.c(504): warning C4244: '=': conversion from 'double' to 'int', possible loss of data
..\..\..\OTHER\SuperLU_5.0\SRC\dgsitrf.c(558): warning C4244: '=': conversion from 'double' to 'int', possible loss of data
..\..\..\OTHER\SuperLU_5.0\SRC\dgsitrf.c(564): warning C4244: '=': conversion from 'double' to 'int', possible loss of data
..\..\..\OTHER\SuperLU_5.0\SRC\dgsitrf.c(567): warning C4244: '=': conversion from 'double' to 'int', possible loss of data
  dgsrfs.c
..\..\..\OTHER\SuperLU_5.0\SRC\dgsrfs.c(223): warning C4996: 'sprintf': This function or variable may be unsafe. Consider using sprintf_s instead. To disable deprecation, use _CRT_SECURE_NO_WARNINGS. See online help for details.
  C:\Program Files (x86)\Windows Kits\10\Include\10.0.10240.0\ucrt\stdio.h(1769): note: see declaration of 'sprintf'
..\..\..\OTHER\SuperLU_5.0\SRC\dgsrfs.c(261): warning C4996: 'sprintf': This function or variable may be unsafe. Consider using sprintf_s instead. To disable deprecation, use _CRT_SECURE_NO_WARNINGS. See online help for details.
  C:\Program Files (x86)\Windows Kits\10\Include\10.0.10240.0\ucrt\stdio.h(1769): note: see declaration of 'sprintf'
  dgssv.c
  dgssvx.c
..\..\..\OTHER\SuperLU_5.0\SRC\dgssvx.c(539): warning C4244: '=': conversion from 'int_t' to 'float', possible loss of data
  dgstrf.c
  dgstrs.c
..\..\..\OTHER\SuperLU_5.0\SRC\dgstrs.c(137): warning C4996: 'sprintf': This function or variable may be unsafe. Consider using sprintf_s instead. To disable deprecation, use _CRT_SECURE_NO_WARNINGS. See online help for details.
  C:\Program Files (x86)\Windows Kits\10\Include\10.0.10240.0\ucrt\stdio.h(1769): note: see declaration of 'sprintf'
..\..\..\OTHER\SuperLU_5.0\SRC\dgstrs.c(139): warning C4996: 'sprintf': This function or variable may be unsafe. Consider using sprintf_s instead. To disable deprecation, use _CRT_SECURE_NO_WARNINGS. See online help for details.
  C:\Program Files (x86)\Windows Kits\10\Include\10.0.10240.0\ucrt\stdio.h(1769): note: see declaration of 'sprintf'
  dlacon2.c
..\..\..\OTHER\SuperLU_5.0\SRC\dlacon2.c(138): warning C4244: '=': conversion from 'double' to 'int', possible loss of data
..\..\..\OTHER\SuperLU_5.0\SRC\dlacon2.c(191): warning C4244: '=': conversion from 'double' to 'int', possible loss of data
  dlangs.c
..\..\..\OTHER\SuperLU_5.0\SRC\dlangs.c(97): warning C4996: 'sprintf': This function or variable may be unsafe. Consider using sprintf_s instead. To disable deprecation, use _CRT_SECURE_NO_WARNINGS. See online help for details.
  C:\Program Files (x86)\Windows Kits\10\Include\10.0.10240.0\ucrt\stdio.h(1769): note: see declaration of 'sprintf'
..\..\..\OTHER\SuperLU_5.0\SRC\dlangs.c(112): warning C4996: 'sprintf': This function or variable may be unsafe. Consider using sprintf_s instead. To disable deprecation, use _CRT_SECURE_NO_WARNINGS. See online help for details.
  C:\Program Files (x86)\Windows Kits\10\Include\10.0.10240.0\ucrt\stdio.h(1769): note: see declaration of 'sprintf'
..\..\..\OTHER\SuperLU_5.0\SRC\dlangs.c(114): warning C4996: 'sprintf': This function or variable may be unsafe. Consider using sprintf_s instead. To disable deprecation, use _CRT_SECURE_NO_WARNINGS. See online help for details.
  C:\Program Files (x86)\Windows Kits\10\Include\10.0.10240.0\ucrt\stdio.h(1769): note: see declaration of 'sprintf'
  dlaqgs.c
  dldperm.c
..\..\..\OTHER\SuperLU_5.0\SRC\dldperm.c(97): warning C4996: 'sprintf': This function or variable may be unsafe. Consider using sprintf_s instead. To disable deprecation, use _CRT_SECURE_NO_WARNINGS. See online help for details.
  C:\Program Files (x86)\Windows Kits\10\Include\10.0.10240.0\ucrt\stdio.h(1769): note: see declaration of 'sprintf'
..\..\..\OTHER\SuperLU_5.0\SRC\dldperm.c(100): warning C4996: 'sprintf': This function or variable may be unsafe. Consider using sprintf_s instead. To disable deprecation, use _CRT_SECURE_NO_WARNINGS. See online help for details.
  C:\Program Files (x86)\Windows Kits\10\Include\10.0.10240.0\ucrt\stdio.h(1769): note: see declaration of 'sprintf'
  dmach.c
  dmemory.c
..\..\..\OTHER\SuperLU_5.0\SRC\dmemory.c(206): warning C4244: '=': conversion from 'double' to 'int', possible loss of data
..\..\..\OTHER\SuperLU_5.0\SRC\dmemory.c(207): warning C4244: '=': conversion from 'double' to 'int', possible loss of data
..\..\..\OTHER\SuperLU_5.0\SRC\dmemory.c(202): warning C4996: 'sprintf': This function or variable may be unsafe. Consider using sprintf_s instead. To disable deprecation, use _CRT_SECURE_NO_WARNINGS. See online help for details.
  C:\Program Files (x86)\Windows Kits\10\Include\10.0.10240.0\ucrt\stdio.h(1769): note: see declaration of 'sprintf'
..\..\..\OTHER\SuperLU_5.0\SRC\dmemory.c(358): warning C4244: '=': conversion from '__int64' to 'int', possible loss of data
..\..\..\OTHER\SuperLU_5.0\SRC\dmemory.c(501): warning C4244: '=': conversion from 'float' to 'int', possible loss of data
..\..\..\OTHER\SuperLU_5.0\SRC\dmemory.c(517): warning C4244: '=': conversion from 'float' to 'int', possible loss of data
..\..\..\OTHER\SuperLU_5.0\SRC\dmemory.c(537): warning C4244: '=': conversion from '__int64' to 'int', possible loss of data
..\..\..\OTHER\SuperLU_5.0\SRC\dmemory.c(554): warning C4244: '=': conversion from 'float' to 'int', possible loss of data
..\..\..\OTHER\SuperLU_5.0\SRC\dmemory.c(562): warning C4244: '=': conversion from '__int64' to 'int', possible loss of data
..\..\..\OTHER\SuperLU_5.0\SRC\dmemory.c(639): warning C4311: 'type cast': pointer truncation from 'char *' to 'long'
..\..\..\OTHER\SuperLU_5.0\SRC\dmemory.c(640): warning C4311: 'type cast': pointer truncation from 'char *' to 'long'
..\..\..\OTHER\SuperLU_5.0\SRC\dmemory.c(670): warning C4996: 'sprintf': This function or variable may be unsafe. Consider using sprintf_s instead. To disable deprecation, use _CRT_SECURE_NO_WARNINGS. See online help for details.
  C:\Program Files (x86)\Windows Kits\10\Include\10.0.10240.0\ucrt\stdio.h(1769): note: see declaration of 'sprintf'
..\..\..\OTHER\SuperLU_5.0\SRC\dmemory.c(682): warning C4996: 'sprintf': This function or variable may be unsafe. Consider using sprintf_s instead. To disable deprecation, use _CRT_SECURE_NO_WARNINGS. See online help for details.
  C:\Program Files (x86)\Windows Kits\10\Include\10.0.10240.0\ucrt\stdio.h(1769): note: see declaration of 'sprintf'
  Generating Code...
  Compiling...
  dmyblas2.c
  dpanel_bmod.c
  dpanel_dfs.c
  dpivotgrowth.c
  dpivotL.c
  dpruneL.c
  dreadhb.c
..\..\..\OTHER\SuperLU_5.0\SRC\dreadhb.c(96): warning C4996: 'sscanf': This function or variable may be unsafe. Consider using sscanf_s instead. To disable deprecation, use _CRT_SECURE_NO_WARNINGS. See online help for details.
  C:\Program Files (x86)\Windows Kits\10\Include\10.0.10240.0\ucrt\stdio.h(2254): note: see declaration of 'sscanf'
..\..\..\OTHER\SuperLU_5.0\SRC\dreadhb.c(99): warning C4996: 'sscanf': This function or variable may be unsafe. Consider using sscanf_s instead. To disable deprecation, use _CRT_SECURE_NO_WARNINGS. See online help for details.
  C:\Program Files (x86)\Windows Kits\10\Include\10.0.10240.0\ucrt\stdio.h(2254): note: see declaration of 'sscanf'
..\..\..\OTHER\SuperLU_5.0\SRC\dreadhb.c(193): warning C4996: 'sprintf': This function or variable may be unsafe. Consider using sprintf_s instead. To disable deprecation, use _CRT_SECURE_NO_WARNINGS. See online help for details.
  C:\Program Files (x86)\Windows Kits\10\Include\10.0.10240.0\ucrt\stdio.h(1769): note: see declaration of 'sprintf'
..\..\..\OTHER\SuperLU_5.0\SRC\dreadhb.c(195): warning C4996: 'sprintf': This function or variable may be unsafe. Consider using sprintf_s instead. To disable deprecation, use _CRT_SECURE_NO_WARNINGS. See online help for details.
  C:\Program Files (x86)\Windows Kits\10\Include\10.0.10240.0\ucrt\stdio.h(1769): note: see declaration of 'sprintf'
..\..\..\OTHER\SuperLU_5.0\SRC\dreadhb.c(197): warning C4996: 'sprintf': This function or variable may be unsafe. Consider using sprintf_s instead. To disable deprecation, use _CRT_SECURE_NO_WARNINGS. See online help for details.
  C:\Program Files (x86)\Windows Kits\10\Include\10.0.10240.0\ucrt\stdio.h(1769): note: see declaration of 'sprintf'
..\..\..\OTHER\SuperLU_5.0\SRC\dreadhb.c(199): warning C4996: 'sprintf': This function or variable may be unsafe. Consider using sprintf_s instead. To disable deprecation, use _CRT_SECURE_NO_WARNINGS. See online help for details.
  C:\Program Files (x86)\Windows Kits\10\Include\10.0.10240.0\ucrt\stdio.h(1769): note: see declaration of 'sprintf'
..\..\..\OTHER\SuperLU_5.0\SRC\dreadhb.c(224): warning C4996: 'sprintf': This function or variable may be unsafe. Consider using sprintf_s instead. To disable deprecation, use _CRT_SECURE_NO_WARNINGS. See online help for details.
  C:\Program Files (x86)\Windows Kits\10\Include\10.0.10240.0\ucrt\stdio.h(1769): note: see declaration of 'sprintf'
..\..\..\OTHER\SuperLU_5.0\SRC\dreadhb.c(226): warning C4996: 'sprintf': This function or variable may be unsafe. Consider using sprintf_s instead. To disable deprecation, use _CRT_SECURE_NO_WARNINGS. See online help for details.
  C:\Program Files (x86)\Windows Kits\10\Include\10.0.10240.0\ucrt\stdio.h(1769): note: see declaration of 'sprintf'
..\..\..\OTHER\SuperLU_5.0\SRC\dreadhb.c(228): warning C4996: 'sprintf': This function or variable may be unsafe. Consider using sprintf_s instead. To disable deprecation, use _CRT_SECURE_NO_WARNINGS. See online help for details.
  C:\Program Files (x86)\Windows Kits\10\Include\10.0.10240.0\ucrt\stdio.h(1769): note: see declaration of 'sprintf'
..\..\..\OTHER\SuperLU_5.0\SRC\dreadhb.c(297): warning C4996: 'fscanf': This function or variable may be unsafe. Consider using fscanf_s instead. To disable deprecation, use _CRT_SECURE_NO_WARNINGS. See online help for details.
  C:\Program Files (x86)\Windows Kits\10\Include\10.0.10240.0\ucrt\stdio.h(1193): note: see declaration of 'fscanf'
..\..\..\OTHER\SuperLU_5.0\SRC\dreadhb.c(298): warning C4996: 'sscanf': This function or variable may be unsafe. Consider using sscanf_s instead. To disable deprecation, use _CRT_SECURE_NO_WARNINGS. See online help for details.
  C:\Program Files (x86)\Windows Kits\10\Include\10.0.10240.0\ucrt\stdio.h(2254): note: see declaration of 'sscanf'
..\..\..\OTHER\SuperLU_5.0\SRC\dreadhb.c(305): warning C4996: 'fscanf': This function or variable may be unsafe. Consider using fscanf_s instead. To disable deprecation, use _CRT_SECURE_NO_WARNINGS. See online help for details.
  C:\Program Files (x86)\Windows Kits\10\Include\10.0.10240.0\ucrt\stdio.h(1193): note: see declaration of 'fscanf'
..\..\..\OTHER\SuperLU_5.0\SRC\dreadhb.c(306): warning C4996: 'fscanf': This function or variable may be unsafe. Consider using fscanf_s instead. To disable deprecation, use _CRT_SECURE_NO_WARNINGS. See online help for details.
  C:\Program Files (x86)\Windows Kits\10\Include\10.0.10240.0\ucrt\stdio.h(1193): note: see declaration of 'fscanf'
..\..\..\OTHER\SuperLU_5.0\SRC\dreadhb.c(312): warning C4996: 'fscanf': This function or variable may be unsafe. Consider using fscanf_s instead. To disable deprecation, use _CRT_SECURE_NO_WARNINGS. See online help for details.
  C:\Program Files (x86)\Windows Kits\10\Include\10.0.10240.0\ucrt\stdio.h(1193): note: see declaration of 'fscanf'
..\..\..\OTHER\SuperLU_5.0\SRC\dreadhb.c(313): warning C4996: 'fscanf': This function or variable may be unsafe. Consider using fscanf_s instead. To disable deprecation, use _CRT_SECURE_NO_WARNINGS. See online help for details.
  C:\Program Files (x86)\Windows Kits\10\Include\10.0.10240.0\ucrt\stdio.h(1193): note: see declaration of 'fscanf'
..\..\..\OTHER\SuperLU_5.0\SRC\dreadhb.c(314): warning C4996: 'fscanf': This function or variable may be unsafe. Consider using fscanf_s instead. To disable deprecation, use _CRT_SECURE_NO_WARNINGS. See online help for details.
  C:\Program Files (x86)\Windows Kits\10\Include\10.0.10240.0\ucrt\stdio.h(1193): note: see declaration of 'fscanf'
..\..\..\OTHER\SuperLU_5.0\SRC\dreadhb.c(315): warning C4996: 'fscanf': This function or variable may be unsafe. Consider using fscanf_s instead. To disable deprecation, use _CRT_SECURE_NO_WARNINGS. See online help for details.
  C:\Program Files (x86)\Windows Kits\10\Include\10.0.10240.0\ucrt\stdio.h(1193): note: see declaration of 'fscanf'
..\..\..\OTHER\SuperLU_5.0\SRC\dreadhb.c(327): warning C4996: 'fscanf': This function or variable may be unsafe. Consider using fscanf_s instead. To disable deprecation, use _CRT_SECURE_NO_WARNINGS. See online help for details.
  C:\Program Files (x86)\Windows Kits\10\Include\10.0.10240.0\ucrt\stdio.h(1193): note: see declaration of 'fscanf'
..\..\..\OTHER\SuperLU_5.0\SRC\dreadhb.c(329): warning C4996: 'fscanf': This function or variable may be unsafe. Consider using fscanf_s instead. To disable deprecation, use _CRT_SECURE_NO_WARNINGS. See online help for details.
  C:\Program Files (x86)\Windows Kits\10\Include\10.0.10240.0\ucrt\stdio.h(1193): note: see declaration of 'fscanf'
..\..\..\OTHER\SuperLU_5.0\SRC\dreadhb.c(331): warning C4996: 'fscanf': This function or variable may be unsafe. Consider using fscanf_s instead. To disable deprecation, use _CRT_SECURE_NO_WARNINGS. See online help for details.
  C:\Program Files (x86)\Windows Kits\10\Include\10.0.10240.0\ucrt\stdio.h(1193): note: see declaration of 'fscanf'
..\..\..\OTHER\SuperLU_5.0\SRC\dreadhb.c(333): warning C4996: 'fscanf': This function or variable may be unsafe. Consider using fscanf_s instead. To disable deprecation, use _CRT_SECURE_NO_WARNINGS. See online help for details.
  C:\Program Files (x86)\Windows Kits\10\Include\10.0.10240.0\ucrt\stdio.h(1193): note: see declaration of 'fscanf'
..\..\..\OTHER\SuperLU_5.0\SRC\dreadhb.c(281): warning C4101: 'key': unreferenced local variable
  dreadrb.c
..\..\..\OTHER\SuperLU_5.0\SRC\dreadrb.c(91): warning C4996: 'sscanf': This function or variable may be unsafe. Consider using sscanf_s instead. To disable deprecation, use _CRT_SECURE_NO_WARNINGS. See online help for details.
  C:\Program Files (x86)\Windows Kits\10\Include\10.0.10240.0\ucrt\stdio.h(2254): note: see declaration of 'sscanf'
..\..\..\OTHER\SuperLU_5.0\SRC\dreadrb.c(94): warning C4996: 'sscanf': This function or variable may be unsafe. Consider using sscanf_s instead. To disable deprecation, use _CRT_SECURE_NO_WARNINGS. See online help for details.
  C:\Program Files (x86)\Windows Kits\10\Include\10.0.10240.0\ucrt\stdio.h(2254): note: see declaration of 'sscanf'
..\..\..\OTHER\SuperLU_5.0\SRC\dreadrb.c(190): warning C4996: 'sprintf': This function or variable may be unsafe. Consider using sprintf_s instead. To disable deprecation, use _CRT_SECURE_NO_WARNINGS. See online help for details.
  C:\Program Files (x86)\Windows Kits\10\Include\10.0.10240.0\ucrt\stdio.h(1769): note: see declaration of 'sprintf'
..\..\..\OTHER\SuperLU_5.0\SRC\dreadrb.c(192): warning C4996: 'sprintf': This function or variable may be unsafe. Consider using sprintf_s instead. To disable deprecation, use _CRT_SECURE_NO_WARNINGS. See online help for details.
  C:\Program Files (x86)\Windows Kits\10\Include\10.0.10240.0\ucrt\stdio.h(1769): note: see declaration of 'sprintf'
..\..\..\OTHER\SuperLU_5.0\SRC\dreadrb.c(194): warning C4996: 'sprintf': This function or variable may be unsafe. Consider using sprintf_s instead. To disable deprecation, use _CRT_SECURE_NO_WARNINGS. See online help for details.
  C:\Program Files (x86)\Windows Kits\10\Include\10.0.10240.0\ucrt\stdio.h(1769): note: see declaration of 'sprintf'
..\..\..\OTHER\SuperLU_5.0\SRC\dreadrb.c(196): warning C4996: 'sprintf': This function or variable may be unsafe. Consider using sprintf_s instead. To disable deprecation, use _CRT_SECURE_NO_WARNINGS. See online help for details.
  C:\Program Files (x86)\Windows Kits\10\Include\10.0.10240.0\ucrt\stdio.h(1769): note: see declaration of 'sprintf'
..\..\..\OTHER\SuperLU_5.0\SRC\dreadrb.c(221): warning C4996: 'sprintf': This function or variable may be unsafe. Consider using sprintf_s instead. To disable deprecation, use _CRT_SECURE_NO_WARNINGS. See online help for details.
  C:\Program Files (x86)\Windows Kits\10\Include\10.0.10240.0\ucrt\stdio.h(1769): note: see declaration of 'sprintf'
..\..\..\OTHER\SuperLU_5.0\SRC\dreadrb.c(223): warning C4996: 'sprintf': This function or variable may be unsafe. Consider using sprintf_s instead. To disable deprecation, use _CRT_SECURE_NO_WARNINGS. See online help for details.
  C:\Program Files (x86)\Windows Kits\10\Include\10.0.10240.0\ucrt\stdio.h(1769): note: see declaration of 'sprintf'
..\..\..\OTHER\SuperLU_5.0\SRC\dreadrb.c(225): warning C4996: 'sprintf': This function or variable may be unsafe. Consider using sprintf_s instead. To disable deprecation, use _CRT_SECURE_NO_WARNINGS. See online help for details.
  C:\Program Files (x86)\Windows Kits\10\Include\10.0.10240.0\ucrt\stdio.h(1769): note: see declaration of 'sprintf'
..\..\..\OTHER\SuperLU_5.0\SRC\dreadrb.c(290): warning C4996: 'fscanf': This function or variable may be unsafe. Consider using fscanf_s instead. To disable deprecation, use _CRT_SECURE_NO_WARNINGS. See online help for details.
  C:\Program Files (x86)\Windows Kits\10\Include\10.0.10240.0\ucrt\stdio.h(1193): note: see declaration of 'fscanf'
..\..\..\OTHER\SuperLU_5.0\SRC\dreadrb.c(291): warning C4996: 'sscanf': This function or variable may be unsafe. Consider using sscanf_s instead. To disable deprecation, use _CRT_SECURE_NO_WARNINGS. See online help for details.
  C:\Program Files (x86)\Windows Kits\10\Include\10.0.10240.0\ucrt\stdio.h(2254): note: see declaration of 'sscanf'
..\..\..\OTHER\SuperLU_5.0\SRC\dreadrb.c(297): warning C4996: 'fscanf': This function or variable may be unsafe. Consider using fscanf_s instead. To disable deprecation, use _CRT_SECURE_NO_WARNINGS. See online help for details.
  C:\Program Files (x86)\Windows Kits\10\Include\10.0.10240.0\ucrt\stdio.h(1193): note: see declaration of 'fscanf'
..\..\..\OTHER\SuperLU_5.0\SRC\dreadrb.c(298): warning C4996: 'fscanf': This function or variable may be unsafe. Consider using fscanf_s instead. To disable deprecation, use _CRT_SECURE_NO_WARNINGS. See online help for details.
  C:\Program Files (x86)\Windows Kits\10\Include\10.0.10240.0\ucrt\stdio.h(1193): note: see declaration of 'fscanf'
..\..\..\OTHER\SuperLU_5.0\SRC\dreadrb.c(304): warning C4996: 'fscanf': This function or variable may be unsafe. Consider using fscanf_s instead. To disable deprecation, use _CRT_SECURE_NO_WARNINGS. See online help for details.
  C:\Program Files (x86)\Windows Kits\10\Include\10.0.10240.0\ucrt\stdio.h(1193): note: see declaration of 'fscanf'
..\..\..\OTHER\SuperLU_5.0\SRC\dreadrb.c(305): warning C4996: 'fscanf': This function or variable may be unsafe. Consider using fscanf_s instead. To disable deprecation, use _CRT_SECURE_NO_WARNINGS. See online help for details.
  C:\Program Files (x86)\Windows Kits\10\Include\10.0.10240.0\ucrt\stdio.h(1193): note: see declaration of 'fscanf'
..\..\..\OTHER\SuperLU_5.0\SRC\dreadrb.c(306): warning C4996: 'fscanf': This function or variable may be unsafe. Consider using fscanf_s instead. To disable deprecation, use _CRT_SECURE_NO_WARNINGS. See online help for details.
  C:\Program Files (x86)\Windows Kits\10\Include\10.0.10240.0\ucrt\stdio.h(1193): note: see declaration of 'fscanf'
..\..\..\OTHER\SuperLU_5.0\SRC\dreadrb.c(307): warning C4996: 'fscanf': This function or variable may be unsafe. Consider using fscanf_s instead. To disable deprecation, use _CRT_SECURE_NO_WARNINGS. See online help for details.
  C:\Program Files (x86)\Windows Kits\10\Include\10.0.10240.0\ucrt\stdio.h(1193): note: see declaration of 'fscanf'
..\..\..\OTHER\SuperLU_5.0\SRC\dreadrb.c(319): warning C4996: 'fscanf': This function or variable may be unsafe. Consider using fscanf_s instead. To disable deprecation, use _CRT_SECURE_NO_WARNINGS. See online help for details.
  C:\Program Files (x86)\Windows Kits\10\Include\10.0.10240.0\ucrt\stdio.h(1193): note: see declaration of 'fscanf'
..\..\..\OTHER\SuperLU_5.0\SRC\dreadrb.c(321): warning C4996: 'fscanf': This function or variable may be unsafe. Consider using fscanf_s instead. To disable deprecation, use _CRT_SECURE_NO_WARNINGS. See online help for details.
  C:\Program Files (x86)\Windows Kits\10\Include\10.0.10240.0\ucrt\stdio.h(1193): note: see declaration of 'fscanf'
..\..\..\OTHER\SuperLU_5.0\SRC\dreadrb.c(323): warning C4996: 'fscanf': This function or variable may be unsafe. Consider using fscanf_s instead. To disable deprecation, use _CRT_SECURE_NO_WARNINGS. See online help for details.
  C:\Program Files (x86)\Windows Kits\10\Include\10.0.10240.0\ucrt\stdio.h(1193): note: see declaration of 'fscanf'
  dreadtriple.c
..\..\..\OTHER\SuperLU_5.0\SRC\dreadtriple.c(38): warning C4996: 'scanf': This function or variable may be unsafe. Consider using scanf_s instead. To disable deprecation, use _CRT_SECURE_NO_WARNINGS. See online help for details.
  C:\Program Files (x86)\Windows Kits\10\Include\10.0.10240.0\ucrt\stdio.h(1270): note: see declaration of 'scanf'
..\..\..\OTHER\SuperLU_5.0\SRC\dreadtriple.c(54): warning C4996: 'scanf': This function or variable may be unsafe. Consider using scanf_s instead. To disable deprecation, use _CRT_SECURE_NO_WARNINGS. See online help for details.
  C:\Program Files (x86)\Windows Kits\10\Include\10.0.10240.0\ucrt\stdio.h(1270): note: see declaration of 'scanf'
..\..\..\OTHER\SuperLU_5.0\SRC\dreadtriple.c(136): warning C4996: 'fscanf': This function or variable may be unsafe. Consider using fscanf_s instead. To disable deprecation, use _CRT_SECURE_NO_WARNINGS. See online help for details.
  C:\Program Files (x86)\Windows Kits\10\Include\10.0.10240.0\ucrt\stdio.h(1193): note: see declaration of 'fscanf'
  dsnode_bmod.c
..\..\..\OTHER\SuperLU_5.0\SRC\dsnode_bmod.c(103): warning C4013: 'dlsolve' undefined; assuming extern returning int
..\..\..\OTHER\SuperLU_5.0\SRC\dsnode_bmod.c(104): warning C4013: 'dmatvec' undefined; assuming extern returning int
  dsnode_dfs.c
  dsp_blas2.c
..\..\..\OTHER\SuperLU_5.0\SRC\dsp_blas2.c(121): warning C4996: 'sprintf': This function or variable may be unsafe. Consider using sprintf_s instead. To disable deprecation, use _CRT_SECURE_NO_WARNINGS. See online help for details.
  C:\Program Files (x86)\Windows Kits\10\Include\10.0.10240.0\ucrt\stdio.h(1769): note: see declaration of 'sprintf'
..\..\..\OTHER\SuperLU_5.0\SRC\dsp_blas2.c(454): warning C4996: 'sprintf': This function or variable may be unsafe. Consider using sprintf_s instead. To disable deprecation, use _CRT_SECURE_NO_WARNINGS. See online help for details.
  C:\Program Files (x86)\Windows Kits\10\Include\10.0.10240.0\ucrt\stdio.h(1769): note: see declaration of 'sprintf'
..\..\..\OTHER\SuperLU_5.0\SRC\dsp_blas2.c(470): warning C4996: 'sprintf': This function or variable may be unsafe. Consider using sprintf_s instead. To disable deprecation, use _CRT_SECURE_NO_WARNINGS. See online help for details.
  C:\Program Files (x86)\Windows Kits\10\Include\10.0.10240.0\ucrt\stdio.h(1769): note: see declaration of 'sprintf'
  dsp_blas3.c
  dutil.c
..\..\..\OTHER\SuperLU_5.0\SRC\dutil.c(41): warning C4996: 'sprintf': This function or variable may be unsafe. Consider using sprintf_s instead. To disable deprecation, use _CRT_SECURE_NO_WARNINGS. See online help for details.
  C:\Program Files (x86)\Windows Kits\10\Include\10.0.10240.0\ucrt\stdio.h(1769): note: see declaration of 'sprintf'
..\..\..\OTHER\SuperLU_5.0\SRC\dutil.c(62): warning C4996: 'sprintf': This function or variable may be unsafe. Consider using sprintf_s instead. To disable deprecation, use _CRT_SECURE_NO_WARNINGS. See online help for details.
  C:\Program Files (x86)\Windows Kits\10\Include\10.0.10240.0\ucrt\stdio.h(1769): note: see declaration of 'sprintf'
..\..\..\OTHER\SuperLU_5.0\SRC\dutil.c(104): warning C4996: 'sprintf': This function or variable may be unsafe. Consider using sprintf_s instead. To disable deprecation, use _CRT_SECURE_NO_WARNINGS. See online help for details.
  C:\Program Files (x86)\Windows Kits\10\Include\10.0.10240.0\ucrt\stdio.h(1769): note: see declaration of 'sprintf'
..\..\..\OTHER\SuperLU_5.0\SRC\dutil.c(137): warning C4996: 'sprintf': This function or variable may be unsafe. Consider using sprintf_s instead. To disable deprecation, use _CRT_SECURE_NO_WARNINGS. See online help for details.
  C:\Program Files (x86)\Windows Kits\10\Include\10.0.10240.0\ucrt\stdio.h(1769): note: see declaration of 'sprintf'
..\..\..\OTHER\SuperLU_5.0\SRC\dutil.c(335): warning C4996: 'sprintf': This function or variable may be unsafe. Consider using sprintf_s instead. To disable deprecation, use _CRT_SECURE_NO_WARNINGS. See online help for details.
  C:\Program Files (x86)\Windows Kits\10\Include\10.0.10240.0\ucrt\stdio.h(1769): note: see declaration of 'sprintf'
  get_perm_c.c
..\..\..\OTHER\SuperLU_5.0\SRC\get_perm_c.c(36): warning C4996: 'sprintf': This function or variable may be unsafe. Consider using sprintf_s instead. To disable deprecation, use _CRT_SECURE_NO_WARNINGS. See online help for details.
  C:\Program Files (x86)\Windows Kits\10\Include\10.0.10240.0\ucrt\stdio.h(1769): note: see declaration of 'sprintf'
..\..\..\OTHER\SuperLU_5.0\SRC\get_perm_c.c(38): warning C4996: 'sprintf': This function or variable may be unsafe. Consider using sprintf_s instead. To disable deprecation, use _CRT_SECURE_NO_WARNINGS. See online help for details.
  C:\Program Files (x86)\Windows Kits\10\Include\10.0.10240.0\ucrt\stdio.h(1769): note: see declaration of 'sprintf'
..\..\..\OTHER\SuperLU_5.0\SRC\get_perm_c.c(42): warning C4996: 'sprintf': This function or variable may be unsafe. Consider using sprintf_s instead. To disable deprecation, use _CRT_SECURE_NO_WARNINGS. See online help for details.
  C:\Program Files (x86)\Windows Kits\10\Include\10.0.10240.0\ucrt\stdio.h(1769): note: see declaration of 'sprintf'
..\..\..\OTHER\SuperLU_5.0\SRC\get_perm_c.c(88): warning C4996: 'sprintf': This function or variable may be unsafe. Consider using sprintf_s instead. To disable deprecation, use _CRT_SECURE_NO_WARNINGS. See online help for details.
  C:\Program Files (x86)\Windows Kits\10\Include\10.0.10240.0\ucrt\stdio.h(1769): note: see declaration of 'sprintf'
..\..\..\OTHER\SuperLU_5.0\SRC\get_perm_c.c(90): warning C4996: 'sprintf': This function or variable may be unsafe. Consider using sprintf_s instead. To disable deprecation, use _CRT_SECURE_NO_WARNINGS. See online help for details.
  C:\Program Files (x86)\Windows Kits\10\Include\10.0.10240.0\ucrt\stdio.h(1769): note: see declaration of 'sprintf'
..\..\..\OTHER\SuperLU_5.0\SRC\get_perm_c.c(92): warning C4996: 'sprintf': This function or variable may be unsafe. Consider using sprintf_s instead. To disable deprecation, use _CRT_SECURE_NO_WARNINGS. See online help for details.
  C:\Program Files (x86)\Windows Kits\10\Include\10.0.10240.0\ucrt\stdio.h(1769): note: see declaration of 'sprintf'
..\..\..\OTHER\SuperLU_5.0\SRC\get_perm_c.c(154): warning C4996: 'sprintf': This function or variable may be unsafe. Consider using sprintf_s instead. To disable deprecation, use _CRT_SECURE_NO_WARNINGS. See online help for details.
  C:\Program Files (x86)\Windows Kits\10\Include\10.0.10240.0\ucrt\stdio.h(1769): note: see declaration of 'sprintf'
..\..\..\OTHER\SuperLU_5.0\SRC\get_perm_c.c(157): warning C4996: 'sprintf': This function or variable may be unsafe. Consider using sprintf_s instead. To disable deprecation, use _CRT_SECURE_NO_WARNINGS. See online help for details.
  C:\Program Files (x86)\Windows Kits\10\Include\10.0.10240.0\ucrt\stdio.h(1769): note: see declaration of 'sprintf'
..\..\..\OTHER\SuperLU_5.0\SRC\get_perm_c.c(222): warning C4996: 'sprintf': This function or variable may be unsafe. Consider using sprintf_s instead. To disable deprecation, use _CRT_SECURE_NO_WARNINGS. See online help for details.
  C:\Program Files (x86)\Windows Kits\10\Include\10.0.10240.0\ucrt\stdio.h(1769): note: see declaration of 'sprintf'
..\..\..\OTHER\SuperLU_5.0\SRC\get_perm_c.c(224): warning C4996: 'sprintf': This function or variable may be unsafe. Consider using sprintf_s instead. To disable deprecation, use _CRT_SECURE_NO_WARNINGS. See online help for details.
  C:\Program Files (x86)\Windows Kits\10\Include\10.0.10240.0\ucrt\stdio.h(1769): note: see declaration of 'sprintf'
..\..\..\OTHER\SuperLU_5.0\SRC\get_perm_c.c(226): warning C4996: 'sprintf': This function or variable may be unsafe. Consider using sprintf_s instead. To disable deprecation, use _CRT_SECURE_NO_WARNINGS. See online help for details.
  C:\Program Files (x86)\Windows Kits\10\Include\10.0.10240.0\ucrt\stdio.h(1769): note: see declaration of 'sprintf'
..\..\..\OTHER\SuperLU_5.0\SRC\get_perm_c.c(289): warning C4996: 'sprintf': This function or variable may be unsafe. Consider using sprintf_s instead. To disable deprecation, use _CRT_SECURE_NO_WARNINGS. See online help for details.
  C:\Program Files (x86)\Windows Kits\10\Include\10.0.10240.0\ucrt\stdio.h(1769): note: see declaration of 'sprintf'
..\..\..\OTHER\SuperLU_5.0\SRC\get_perm_c.c(292): warning C4996: 'sprintf': This function or variable may be unsafe. Consider using sprintf_s instead. To disable deprecation, use _CRT_SECURE_NO_WARNINGS. See online help for details.
  C:\Program Files (x86)\Windows Kits\10\Include\10.0.10240.0\ucrt\stdio.h(1769): note: see declaration of 'sprintf'
..\..\..\OTHER\SuperLU_5.0\SRC\get_perm_c.c(395): warning C4996: 'sprintf': This function or variable may be unsafe. Consider using sprintf_s instead. To disable deprecation, use _CRT_SECURE_NO_WARNINGS. See online help for details.
  C:\Program Files (x86)\Windows Kits\10\Include\10.0.10240.0\ucrt\stdio.h(1769): note: see declaration of 'sprintf'
..\..\..\OTHER\SuperLU_5.0\SRC\get_perm_c.c(411): warning C4996: 'sprintf': This function or variable may be unsafe. Consider using sprintf_s instead. To disable deprecation, use _CRT_SECURE_NO_WARNINGS. See online help for details.
  C:\Program Files (x86)\Windows Kits\10\Include\10.0.10240.0\ucrt\stdio.h(1769): note: see declaration of 'sprintf'
..\..\..\OTHER\SuperLU_5.0\SRC\get_perm_c.c(422): warning C4996: 'sprintf': This function or variable may be unsafe. Consider using sprintf_s instead. To disable deprecation, use _CRT_SECURE_NO_WARNINGS. See online help for details.
  C:\Program Files (x86)\Windows Kits\10\Include\10.0.10240.0\ucrt\stdio.h(1769): note: see declaration of 'sprintf'
..\..\..\OTHER\SuperLU_5.0\SRC\get_perm_c.c(424): warning C4996: 'sprintf': This function or variable may be unsafe. Consider using sprintf_s instead. To disable deprecation, use _CRT_SECURE_NO_WARNINGS. See online help for details.
  C:\Program Files (x86)\Windows Kits\10\Include\10.0.10240.0\ucrt\stdio.h(1769): note: see declaration of 'sprintf'
..\..\..\OTHER\SuperLU_5.0\SRC\get_perm_c.c(426): warning C4996: 'sprintf': This function or variable may be unsafe. Consider using sprintf_s instead. To disable deprecation, use _CRT_SECURE_NO_WARNINGS. See online help for details.
  C:\Program Files (x86)\Windows Kits\10\Include\10.0.10240.0\ucrt\stdio.h(1769): note: see declaration of 'sprintf'
..\..\..\OTHER\SuperLU_5.0\SRC\get_perm_c.c(428): warning C4996: 'sprintf': This function or variable may be unsafe. Consider using sprintf_s instead. To disable deprecation, use _CRT_SECURE_NO_WARNINGS. See online help for details.
  C:\Program Files (x86)\Windows Kits\10\Include\10.0.10240.0\ucrt\stdio.h(1769): note: see declaration of 'sprintf'
..\..\..\OTHER\SuperLU_5.0\SRC\get_perm_c.c(430): warning C4996: 'sprintf': This function or variable may be unsafe. Consider using sprintf_s instead. To disable deprecation, use _CRT_SECURE_NO_WARNINGS. See online help for details.
  C:\Program Files (x86)\Windows Kits\10\Include\10.0.10240.0\ucrt\stdio.h(1769): note: see declaration of 'sprintf'
  heap_relax_snode.c
..\..\..\OTHER\SuperLU_5.0\SRC\heap_relax_snode.c(54): warning C4996: 'sprintf': This function or variable may be unsafe. Consider using sprintf_s instead. To disable deprecation, use _CRT_SECURE_NO_WARNINGS. See online help for details.
  C:\Program Files (x86)\Windows Kits\10\Include\10.0.10240.0\ucrt\stdio.h(1769): note: see declaration of 'sprintf'
  ilu_dcolumn_dfs.c
  ilu_dcopy_to_ucol.c
  ilu_ddrop_row.c
..\..\..\OTHER\SuperLU_5.0\SRC\ilu_ddrop_row.c(169): warning C4244: '=': conversion from 'double' to 'int', possible loss of data
  ilu_dpanel_dfs.c
  Generating Code...
  Compiling...
  ilu_dpivotL.c
  ilu_dsnode_dfs.c
  ilu_heap_relax_snode.c
..\..\..\OTHER\SuperLU_5.0\SRC\ilu_heap_relax_snode.c(49): warning C4996: 'sprintf': This function or variable may be unsafe. Consider using sprintf_s instead. To disable deprecation, use _CRT_SECURE_NO_WARNINGS. See online help for details.
  C:\Program Files (x86)\Windows Kits\10\Include\10.0.10240.0\ucrt\stdio.h(1769): note: see declaration of 'sprintf'
  ilu_relax_snode.c
  input_error.c
  lsame.c
  mark_relax.c
  mc64ad.c
..\..\..\OTHER\SuperLU_5.0\SRC\mc64ad.c(16): warning C4005: 'min': macro redefinition
  C:\Program Files (x86)\Windows Kits\10\Include\10.0.10240.0\ucrt\stdlib.h(1283): note: see previous definition of 'min'
  memory.c
..\..\..\OTHER\SuperLU_5.0\SRC\memory.c(138): warning C4996: 'sprintf': This function or variable may be unsafe. Consider using sprintf_s instead. To disable deprecation, use _CRT_SECURE_NO_WARNINGS. See online help for details.
  C:\Program Files (x86)\Windows Kits\10\Include\10.0.10240.0\ucrt\stdio.h(1769): note: see declaration of 'sprintf'
..\..\..\OTHER\SuperLU_5.0\SRC\memory.c(149): warning C4996: 'sprintf': This function or variable may be unsafe. Consider using sprintf_s instead. To disable deprecation, use _CRT_SECURE_NO_WARNINGS. See online help for details.
  C:\Program Files (x86)\Windows Kits\10\Include\10.0.10240.0\ucrt\stdio.h(1769): note: see declaration of 'sprintf'
  mmd.c
  qselect.c
  relax_snode.c
  sp_coletree.c
..\..\..\OTHER\SuperLU_5.0\SRC\sp_coletree.c(57): warning C4996: 'sprintf': This function or variable may be unsafe. Consider using sprintf_s instead. To disable deprecation, use _CRT_SECURE_NO_WARNINGS. See online help for details.
  C:\Program Files (x86)\Windows Kits\10\Include\10.0.10240.0\ucrt\stdio.h(1769): note: see declaration of 'sprintf'
  sp_ienv.c
..\..\..\OTHER\SuperLU_5.0\SRC\sp_ienv.c(75): warning C4013: 'input_error' undefined; assuming extern returning int
  sp_preorder.c
..\..\..\OTHER\SuperLU_5.0\SRC\sp_preorder.c(81): warning C4996: 'sprintf': This function or variable may be unsafe. Consider using sprintf_s instead. To disable deprecation, use _CRT_SECURE_NO_WARNINGS. See online help for details.
  C:\Program Files (x86)\Windows Kits\10\Include\10.0.10240.0\ucrt\stdio.h(1769): note: see declaration of 'sprintf'
..\..\..\OTHER\SuperLU_5.0\SRC\sp_preorder.c(86): warning C4996: 'sprintf': This function or variable may be unsafe. Consider using sprintf_s instead. To disable deprecation, use _CRT_SECURE_NO_WARNINGS. See online help for details.
  C:\Program Files (x86)\Windows Kits\10\Include\10.0.10240.0\ucrt\stdio.h(1769): note: see declaration of 'sprintf'
..\..\..\OTHER\SuperLU_5.0\SRC\sp_preorder.c(88): warning C4996: 'sprintf': This function or variable may be unsafe. Consider using sprintf_s instead. To disable deprecation, use _CRT_SECURE_NO_WARNINGS. See online help for details.
  C:\Program Files (x86)\Windows Kits\10\Include\10.0.10240.0\ucrt\stdio.h(1769): note: see declaration of 'sprintf'
..\..\..\OTHER\SuperLU_5.0\SRC\sp_preorder.c(159): warning C4996: 'sprintf': This function or variable may be unsafe. Consider using sprintf_s instead. To disable deprecation, use _CRT_SECURE_NO_WARNINGS. See online help for details.
  C:\Program Files (x86)\Windows Kits\10\Include\10.0.10240.0\ucrt\stdio.h(1769): note: see declaration of 'sprintf'
..\..\..\OTHER\SuperLU_5.0\SRC\sp_preorder.c(202): warning C4996: 'sprintf': This function or variable may be unsafe. Consider using sprintf_s instead. To disable deprecation, use _CRT_SECURE_NO_WARNINGS. See online help for details.
  C:\Program Files (x86)\Windows Kits\10\Include\10.0.10240.0\ucrt\stdio.h(1769): note: see declaration of 'sprintf'
  superlu_timer.c
  util.c
..\..\..\OTHER\SuperLU_5.0\SRC\util.c(305): warning C4996: 'sprintf': This function or variable may be unsafe. Consider using sprintf_s instead. To disable deprecation, use _CRT_SECURE_NO_WARNINGS. See online help for details.
  C:\Program Files (x86)\Windows Kits\10\Include\10.0.10240.0\ucrt\stdio.h(1769): note: see declaration of 'sprintf'
..\..\..\OTHER\SuperLU_5.0\SRC\util.c(307): warning C4996: 'sprintf': This function or variable may be unsafe. Consider using sprintf_s instead. To disable deprecation, use _CRT_SECURE_NO_WARNINGS. See online help for details.
  C:\Program Files (x86)\Windows Kits\10\Include\10.0.10240.0\ucrt\stdio.h(1769): note: see declaration of 'sprintf'
..\..\..\OTHER\SuperLU_5.0\SRC\util.c(413): warning C4244: '=': conversion from 'float' to 'int', possible loss of data
..\..\..\OTHER\SuperLU_5.0\SRC\util.c(420): warning C4244: '=': conversion from 'float' to 'int', possible loss of data
..\..\..\OTHER\SuperLU_5.0\SRC\util.c(421): warning C4244: '=': conversion from 'float' to 'int', possible loss of data
..\..\..\OTHER\SuperLU_5.0\SRC\util.c(430): warning C4244: 'return': conversion from 'double' to 'float', possible loss of data
..\..\..\OTHER\SuperLU_5.0\SRC\util.c(435): warning C4244: 'return': conversion from 'double' to 'float', possible loss of data
..\..\..\OTHER\SuperLU_5.0\SRC\util.c(451): warning C4996: 'sprintf': This function or variable may be unsafe. Consider using sprintf_s instead. To disable deprecation, use _CRT_SECURE_NO_WARNINGS. See online help for details.
  C:\Program Files (x86)\Windows Kits\10\Include\10.0.10240.0\ucrt\stdio.h(1769): note: see declaration of 'sprintf'
  xerbla.c
  Generating Code...
  superLU.vcxproj -> F:\OpenSeesR6236\Win64\proj\superLU\.\..\..\lib\debug\superLU.lib
