  TclFeViewer.cpp
..\..\..\SRC\tcl\TclFeViewer.cpp(309): warning C4244: 'argument': conversion from 'double' to 'float', possible loss of data
..\..\..\SRC\tcl\TclFeViewer.cpp(324): warning C4244: 'argument': conversion from 'double' to 'float', possible loss of data
..\..\..\SRC\tcl\TclFeViewer.cpp(328): warning C4244: 'argument': conversion from 'double' to 'float', possible loss of data
..\..\..\SRC\tcl\TclFeViewer.cpp(338): warning C4244: 'argument': conversion from 'double' to 'float', possible loss of data
..\..\..\SRC\tcl\TclFeViewer.cpp(350): warning C4244: 'argument': conversion from 'double' to 'float', possible loss of data
..\..\..\SRC\tcl\TclFeViewer.cpp(588): warning C4244: 'argument': conversion from 'double' to 'float', possible loss of data
..\..\..\SRC\tcl\TclFeViewer.cpp(626): warning C4244: 'argument': conversion from 'double' to 'float', possible loss of data
..\..\..\SRC\tcl\TclFeViewer.cpp(664): warning C4244: 'argument': conversion from 'double' to 'float', possible loss of data
..\..\..\SRC\tcl\TclFeViewer.cpp(705): warning C4244: 'argument': conversion from 'double' to 'float', possible loss of data
..\..\..\SRC\tcl\TclFeViewer.cpp(738): warning C4244: 'argument': conversion from 'double' to 'float', possible loss of data
..\..\..\SRC\tcl\TclFeViewer.cpp(827): warning C4244: 'argument': conversion from 'double' to 'float', possible loss of data
..\..\..\SRC\tcl\TclFeViewer.cpp(869): warning C4244: 'argument': conversion from 'double' to 'float', possible loss of data
..\..\..\SRC\tcl\TclFeViewer.cpp(905): warning C4244: 'argument': conversion from 'double' to 'float', possible loss of data
..\..\..\SRC\tcl\TclFeViewer.cpp(924): warning C4244: 'argument': conversion from 'double' to 'float', possible loss of data
  TclModelBuilder.cpp
..\..\..\SRC\modelbuilder\tcl\TclModelBuilder.cpp(2476): warning C4996: 'strcpy': This function or variable may be unsafe. Consider using strcpy_s instead. To disable deprecation, use _CRT_SECURE_NO_WARNINGS. See online help for details.
  C:\Program Files (x86)\Windows Kits\10\Include\10.0.10240.0\ucrt\string.h(119): note: see declaration of 'strcpy'
..\..\..\SRC\modelbuilder\tcl\TclModelBuilder.cpp(2498): warning C4996: 'sprintf': This function or variable may be unsafe. Consider using sprintf_s instead. To disable deprecation, use _CRT_SECURE_NO_WARNINGS. See online help for details.
  C:\Program Files (x86)\Windows Kits\10\Include\10.0.10240.0\ucrt\stdio.h(1769): note: see declaration of 'sprintf'
..\..\..\SRC\modelbuilder\tcl\TclModelBuilder.cpp(2501): warning C4996: 'sprintf': This function or variable may be unsafe. Consider using sprintf_s instead. To disable deprecation, use _CRT_SECURE_NO_WARNINGS. See online help for details.
  C:\Program Files (x86)\Windows Kits\10\Include\10.0.10240.0\ucrt\stdio.h(1769): note: see declaration of 'sprintf'
..\..\..\SRC\modelbuilder\tcl\TclModelBuilder.cpp(2955): warning C4996: 'sprintf': This function or variable may be unsafe. Consider using sprintf_s instead. To disable deprecation, use _CRT_SECURE_NO_WARNINGS. See online help for details.
  C:\Program Files (x86)\Windows Kits\10\Include\10.0.10240.0\ucrt\stdio.h(1769): note: see declaration of 'sprintf'
..\..\..\SRC\modelbuilder\tcl\TclModelBuilder.cpp(3053): warning C4996: 'sprintf': This function or variable may be unsafe. Consider using sprintf_s instead. To disable deprecation, use _CRT_SECURE_NO_WARNINGS. See online help for details.
  C:\Program Files (x86)\Windows Kits\10\Include\10.0.10240.0\ucrt\stdio.h(1769): note: see declaration of 'sprintf'
..\..\..\SRC\modelbuilder\tcl\TclModelBuilder.cpp(3390): warning C4267: '=': conversion from 'size_t' to 'int', possible loss of data
..\..\..\SRC\modelbuilder\tcl\TclModelBuilder.cpp(3392): warning C4267: 'initializing': conversion from 'size_t' to 'int', possible loss of data
..\..\..\SRC\modelbuilder\tcl\TclModelBuilder.cpp(3408): warning C4996: 'strcpy': This function or variable may be unsafe. Consider using strcpy_s instead. To disable deprecation, use _CRT_SECURE_NO_WARNINGS. See online help for details.
  C:\Program Files (x86)\Windows Kits\10\Include\10.0.10240.0\ucrt\string.h(119): note: see declaration of 'strcpy'
..\..\..\SRC\modelbuilder\tcl\TclModelBuilder.cpp(3409): warning C4996: 'strcpy': This function or variable may be unsafe. Consider using strcpy_s instead. To disable deprecation, use _CRT_SECURE_NO_WARNINGS. See online help for details.
  C:\Program Files (x86)\Windows Kits\10\Include\10.0.10240.0\ucrt\string.h(119): note: see declaration of 'strcpy'
..\..\..\SRC\modelbuilder\tcl\TclModelBuilder.cpp(3410): warning C4996: 'sprintf': This function or variable may be unsafe. Consider using sprintf_s instead. To disable deprecation, use _CRT_SECURE_NO_WARNINGS. See online help for details.
  C:\Program Files (x86)\Windows Kits\10\Include\10.0.10240.0\ucrt\stdio.h(1769): note: see declaration of 'sprintf'
..\..\..\SRC\modelbuilder\tcl\TclModelBuilder.cpp(3413): warning C4996: 'sprintf': This function or variable may be unsafe. Consider using sprintf_s instead. To disable deprecation, use _CRT_SECURE_NO_WARNINGS. See online help for details.
  C:\Program Files (x86)\Windows Kits\10\Include\10.0.10240.0\ucrt\stdio.h(1769): note: see declaration of 'sprintf'
..\..\..\SRC\modelbuilder\tcl\TclModelBuilder.cpp(3415): warning C4996: 'strcat': This function or variable may be unsafe. Consider using strcat_s instead. To disable deprecation, use _CRT_SECURE_NO_WARNINGS. See online help for details.
  C:\Program Files (x86)\Windows Kits\10\Include\10.0.10240.0\ucrt\string.h(90): note: see declaration of 'strcat'
..\..\..\SRC\modelbuilder\tcl\TclModelBuilder.cpp(3560): warning C4267: '=': conversion from 'size_t' to 'int', possible loss of data
..\..\..\SRC\modelbuilder\tcl\TclModelBuilder.cpp(3562): warning C4267: 'initializing': conversion from 'size_t' to 'int', possible loss of data
..\..\..\SRC\modelbuilder\tcl\TclModelBuilder.cpp(3573): warning C4996: 'strcpy': This function or variable may be unsafe. Consider using strcpy_s instead. To disable deprecation, use _CRT_SECURE_NO_WARNINGS. See online help for details.
  C:\Program Files (x86)\Windows Kits\10\Include\10.0.10240.0\ucrt\string.h(119): note: see declaration of 'strcpy'
..\..\..\SRC\modelbuilder\tcl\TclModelBuilder.cpp(3574): warning C4996: 'strcpy': This function or variable may be unsafe. Consider using strcpy_s instead. To disable deprecation, use _CRT_SECURE_NO_WARNINGS. See online help for details.
  C:\Program Files (x86)\Windows Kits\10\Include\10.0.10240.0\ucrt\string.h(119): note: see declaration of 'strcpy'
..\..\..\SRC\modelbuilder\tcl\TclModelBuilder.cpp(3575): warning C4996: 'sprintf': This function or variable may be unsafe. Consider using sprintf_s instead. To disable deprecation, use _CRT_SECURE_NO_WARNINGS. See online help for details.
  C:\Program Files (x86)\Windows Kits\10\Include\10.0.10240.0\ucrt\stdio.h(1769): note: see declaration of 'sprintf'
..\..\..\SRC\modelbuilder\tcl\TclModelBuilder.cpp(3578): warning C4996: 'sprintf': This function or variable may be unsafe. Consider using sprintf_s instead. To disable deprecation, use _CRT_SECURE_NO_WARNINGS. See online help for details.
  C:\Program Files (x86)\Windows Kits\10\Include\10.0.10240.0\ucrt\stdio.h(1769): note: see declaration of 'sprintf'
..\..\..\SRC\modelbuilder\tcl\TclModelBuilder.cpp(3580): warning C4996: 'strcat': This function or variable may be unsafe. Consider using strcat_s instead. To disable deprecation, use _CRT_SECURE_NO_WARNINGS. See online help for details.
  C:\Program Files (x86)\Windows Kits\10\Include\10.0.10240.0\ucrt\string.h(90): note: see declaration of 'strcat'
  TclSectionTester.cpp
..\..\..\SRC\modelbuilder\tcl\TclSectionTester.cpp(199): warning C4996: 'sprintf': This function or variable may be unsafe. Consider using sprintf_s instead. To disable deprecation, use _CRT_SECURE_NO_WARNINGS. See online help for details.
  C:\Program Files (x86)\Windows Kits\10\Include\10.0.10240.0\ucrt\stdio.h(1769): note: see declaration of 'sprintf'
..\..\..\SRC\modelbuilder\tcl\TclSectionTester.cpp(216): warning C4996: 'sprintf': This function or variable may be unsafe. Consider using sprintf_s instead. To disable deprecation, use _CRT_SECURE_NO_WARNINGS. See online help for details.
  C:\Program Files (x86)\Windows Kits\10\Include\10.0.10240.0\ucrt\stdio.h(1769): note: see declaration of 'sprintf'
  TclUniaxialMaterialTester.cpp
..\..\..\SRC\modelbuilder\tcl\TclUniaxialMaterialTester.cpp(198): warning C4996: 'sprintf': This function or variable may be unsafe. Consider using sprintf_s instead. To disable deprecation, use _CRT_SECURE_NO_WARNINGS. See online help for details.
  C:\Program Files (x86)\Windows Kits\10\Include\10.0.10240.0\ucrt\stdio.h(1769): note: see declaration of 'sprintf'
..\..\..\SRC\modelbuilder\tcl\TclUniaxialMaterialTester.cpp(214): warning C4996: 'sprintf': This function or variable may be unsafe. Consider using sprintf_s instead. To disable deprecation, use _CRT_SECURE_NO_WARNINGS. See online help for details.
  C:\Program Files (x86)\Windows Kits\10\Include\10.0.10240.0\ucrt\stdio.h(1769): note: see declaration of 'sprintf'
  TclVideoPlayer.cpp
..\..\..\SRC\tcl\TclVideoPlayer.cpp(96): warning C4996: 'strcpy': This function or variable may be unsafe. Consider using strcpy_s instead. To disable deprecation, use _CRT_SECURE_NO_WARNINGS. See online help for details.
  C:\Program Files (x86)\Windows Kits\10\Include\10.0.10240.0\ucrt\string.h(119): note: see declaration of 'strcpy'
..\..\..\SRC\tcl\TclVideoPlayer.cpp(147): warning C4996: 'strcpy': This function or variable may be unsafe. Consider using strcpy_s instead. To disable deprecation, use _CRT_SECURE_NO_WARNINGS. See online help for details.
  C:\Program Files (x86)\Windows Kits\10\Include\10.0.10240.0\ucrt\string.h(119): note: see declaration of 'strcpy'
..\..\..\SRC\tcl\TclVideoPlayer.cpp(203): warning C4101: 'mode': unreferenced local variable
  commands.cpp
..\..\..\SRC\tcl\commands.cpp(668): warning C4101: 'mode': unreferenced local variable
..\..\..\SRC\tcl\commands.cpp(667): warning C4101: 'result': unreferenced local variable
..\..\..\SRC\tcl\commands.cpp(663): warning C4101: 'chan': unreferenced local variable
..\..\..\SRC\tcl\commands.cpp(1491): warning C4996: 'strcpy': This function or variable may be unsafe. Consider using strcpy_s instead. To disable deprecation, use _CRT_SECURE_NO_WARNINGS. See online help for details.
  C:\Program Files (x86)\Windows Kits\10\Include\10.0.10240.0\ucrt\string.h(119): note: see declaration of 'strcpy'
..\..\..\SRC\tcl\commands.cpp(1493): warning C4996: 'strcpy': This function or variable may be unsafe. Consider using strcpy_s instead. To disable deprecation, use _CRT_SECURE_NO_WARNINGS. See online help for details.
  C:\Program Files (x86)\Windows Kits\10\Include\10.0.10240.0\ucrt\string.h(119): note: see declaration of 'strcpy'
..\..\..\SRC\tcl\commands.cpp(1497): warning C4996: 'sprintf': This function or variable may be unsafe. Consider using sprintf_s instead. To disable deprecation, use _CRT_SECURE_NO_WARNINGS. See online help for details.
  C:\Program Files (x86)\Windows Kits\10\Include\10.0.10240.0\ucrt\stdio.h(1769): note: see declaration of 'sprintf'
..\..\..\SRC\tcl\commands.cpp(1523): warning C4996: 'sprintf': This function or variable may be unsafe. Consider using sprintf_s instead. To disable deprecation, use _CRT_SECURE_NO_WARNINGS. See online help for details.
  C:\Program Files (x86)\Windows Kits\10\Include\10.0.10240.0\ucrt\stdio.h(1769): note: see declaration of 'sprintf'
..\..\..\SRC\tcl\commands.cpp(1721): warning C4996: 'sprintf': This function or variable may be unsafe. Consider using sprintf_s instead. To disable deprecation, use _CRT_SECURE_NO_WARNINGS. See online help for details.
  C:\Program Files (x86)\Windows Kits\10\Include\10.0.10240.0\ucrt\stdio.h(1769): note: see declaration of 'sprintf'
..\..\..\SRC\tcl\commands.cpp(3169): warning C4267: 'initializing': conversion from 'size_t' to 'int', possible loss of data
..\..\..\SRC\tcl\commands.cpp(3171): warning C4996: 'strcpy': This function or variable may be unsafe. Consider using strcpy_s instead. To disable deprecation, use _CRT_SECURE_NO_WARNINGS. See online help for details.
  C:\Program Files (x86)\Windows Kits\10\Include\10.0.10240.0\ucrt\string.h(119): note: see declaration of 'strcpy'
..\..\..\SRC\tcl\commands.cpp(3172): warning C4996: 'strcpy': This function or variable may be unsafe. Consider using strcpy_s instead. To disable deprecation, use _CRT_SECURE_NO_WARNINGS. See online help for details.
  C:\Program Files (x86)\Windows Kits\10\Include\10.0.10240.0\ucrt\string.h(119): note: see declaration of 'strcpy'
..\..\..\SRC\tcl\commands.cpp(3181): warning C4996: 'strcpy': This function or variable may be unsafe. Consider using strcpy_s instead. To disable deprecation, use _CRT_SECURE_NO_WARNINGS. See online help for details.
  C:\Program Files (x86)\Windows Kits\10\Include\10.0.10240.0\ucrt\string.h(119): note: see declaration of 'strcpy'
..\..\..\SRC\tcl\commands.cpp(4830): warning C4267: 'initializing': conversion from 'size_t' to 'int', possible loss of data
..\..\..\SRC\tcl\commands.cpp(4898): warning C4267: 'initializing': conversion from 'size_t' to 'int', possible loss of data
..\..\..\SRC\tcl\commands.cpp(4832): warning C4996: 'strcpy': This function or variable may be unsafe. Consider using strcpy_s instead. To disable deprecation, use _CRT_SECURE_NO_WARNINGS. See online help for details.
  C:\Program Files (x86)\Windows Kits\10\Include\10.0.10240.0\ucrt\string.h(119): note: see declaration of 'strcpy'
..\..\..\SRC\tcl\commands.cpp(4833): warning C4996: 'strcpy': This function or variable may be unsafe. Consider using strcpy_s instead. To disable deprecation, use _CRT_SECURE_NO_WARNINGS. See online help for details.
  C:\Program Files (x86)\Windows Kits\10\Include\10.0.10240.0\ucrt\string.h(119): note: see declaration of 'strcpy'
..\..\..\SRC\tcl\commands.cpp(4842): warning C4996: 'strcpy': This function or variable may be unsafe. Consider using strcpy_s instead. To disable deprecation, use _CRT_SECURE_NO_WARNINGS. See online help for details.
  C:\Program Files (x86)\Windows Kits\10\Include\10.0.10240.0\ucrt\string.h(119): note: see declaration of 'strcpy'
..\..\..\SRC\tcl\commands.cpp(4900): warning C4996: 'strcpy': This function or variable may be unsafe. Consider using strcpy_s instead. To disable deprecation, use _CRT_SECURE_NO_WARNINGS. See online help for details.
  C:\Program Files (x86)\Windows Kits\10\Include\10.0.10240.0\ucrt\string.h(119): note: see declaration of 'strcpy'
..\..\..\SRC\tcl\commands.cpp(4901): warning C4996: 'strcpy': This function or variable may be unsafe. Consider using strcpy_s instead. To disable deprecation, use _CRT_SECURE_NO_WARNINGS. See online help for details.
  C:\Program Files (x86)\Windows Kits\10\Include\10.0.10240.0\ucrt\string.h(119): note: see declaration of 'strcpy'
..\..\..\SRC\tcl\commands.cpp(4910): warning C4996: 'strcpy': This function or variable may be unsafe. Consider using strcpy_s instead. To disable deprecation, use _CRT_SECURE_NO_WARNINGS. See online help for details.
  C:\Program Files (x86)\Windows Kits\10\Include\10.0.10240.0\ucrt\string.h(119): note: see declaration of 'strcpy'
..\..\..\SRC\tcl\commands.cpp(5249): warning C4996: 'sprintf': This function or variable may be unsafe. Consider using sprintf_s instead. To disable deprecation, use _CRT_SECURE_NO_WARNINGS. See online help for details.
  C:\Program Files (x86)\Windows Kits\10\Include\10.0.10240.0\ucrt\stdio.h(1769): note: see declaration of 'sprintf'
..\..\..\SRC\tcl\commands.cpp(5577): warning C4996: 'sprintf': This function or variable may be unsafe. Consider using sprintf_s instead. To disable deprecation, use _CRT_SECURE_NO_WARNINGS. See online help for details.
  C:\Program Files (x86)\Windows Kits\10\Include\10.0.10240.0\ucrt\stdio.h(1769): note: see declaration of 'sprintf'
..\..\..\SRC\tcl\commands.cpp(5595): warning C4996: 'sprintf': This function or variable may be unsafe. Consider using sprintf_s instead. To disable deprecation, use _CRT_SECURE_NO_WARNINGS. See online help for details.
  C:\Program Files (x86)\Windows Kits\10\Include\10.0.10240.0\ucrt\stdio.h(1769): note: see declaration of 'sprintf'
..\..\..\SRC\tcl\commands.cpp(5648): warning C4996: 'sprintf': This function or variable may be unsafe. Consider using sprintf_s instead. To disable deprecation, use _CRT_SECURE_NO_WARNINGS. See online help for details.
  C:\Program Files (x86)\Windows Kits\10\Include\10.0.10240.0\ucrt\stdio.h(1769): note: see declaration of 'sprintf'
..\..\..\SRC\tcl\commands.cpp(5652): warning C4996: 'sprintf': This function or variable may be unsafe. Consider using sprintf_s instead. To disable deprecation, use _CRT_SECURE_NO_WARNINGS. See online help for details.
  C:\Program Files (x86)\Windows Kits\10\Include\10.0.10240.0\ucrt\stdio.h(1769): note: see declaration of 'sprintf'
..\..\..\SRC\tcl\commands.cpp(5703): warning C4996: 'sprintf': This function or variable may be unsafe. Consider using sprintf_s instead. To disable deprecation, use _CRT_SECURE_NO_WARNINGS. See online help for details.
  C:\Program Files (x86)\Windows Kits\10\Include\10.0.10240.0\ucrt\stdio.h(1769): note: see declaration of 'sprintf'
..\..\..\SRC\tcl\commands.cpp(5707): warning C4996: 'sprintf': This function or variable may be unsafe. Consider using sprintf_s instead. To disable deprecation, use _CRT_SECURE_NO_WARNINGS. See online help for details.
  C:\Program Files (x86)\Windows Kits\10\Include\10.0.10240.0\ucrt\stdio.h(1769): note: see declaration of 'sprintf'
..\..\..\SRC\tcl\commands.cpp(5758): warning C4996: 'sprintf': This function or variable may be unsafe. Consider using sprintf_s instead. To disable deprecation, use _CRT_SECURE_NO_WARNINGS. See online help for details.
  C:\Program Files (x86)\Windows Kits\10\Include\10.0.10240.0\ucrt\stdio.h(1769): note: see declaration of 'sprintf'
..\..\..\SRC\tcl\commands.cpp(5762): warning C4996: 'sprintf': This function or variable may be unsafe. Consider using sprintf_s instead. To disable deprecation, use _CRT_SECURE_NO_WARNINGS. See online help for details.
  C:\Program Files (x86)\Windows Kits\10\Include\10.0.10240.0\ucrt\stdio.h(1769): note: see declaration of 'sprintf'
..\..\..\SRC\tcl\commands.cpp(5820): warning C4996: 'sprintf': This function or variable may be unsafe. Consider using sprintf_s instead. To disable deprecation, use _CRT_SECURE_NO_WARNINGS. See online help for details.
  C:\Program Files (x86)\Windows Kits\10\Include\10.0.10240.0\ucrt\stdio.h(1769): note: see declaration of 'sprintf'
..\..\..\SRC\tcl\commands.cpp(5825): warning C4996: 'sprintf': This function or variable may be unsafe. Consider using sprintf_s instead. To disable deprecation, use _CRT_SECURE_NO_WARNINGS. See online help for details.
  C:\Program Files (x86)\Windows Kits\10\Include\10.0.10240.0\ucrt\stdio.h(1769): note: see declaration of 'sprintf'
..\..\..\SRC\tcl\commands.cpp(5871): warning C4996: 'strcpy': This function or variable may be unsafe. Consider using strcpy_s instead. To disable deprecation, use _CRT_SECURE_NO_WARNINGS. See online help for details.
  C:\Program Files (x86)\Windows Kits\10\Include\10.0.10240.0\ucrt\string.h(119): note: see declaration of 'strcpy'
..\..\..\SRC\tcl\commands.cpp(5886): warning C4996: 'sprintf': This function or variable may be unsafe. Consider using sprintf_s instead. To disable deprecation, use _CRT_SECURE_NO_WARNINGS. See online help for details.
  C:\Program Files (x86)\Windows Kits\10\Include\10.0.10240.0\ucrt\stdio.h(1769): note: see declaration of 'sprintf'
..\..\..\SRC\tcl\commands.cpp(5891): warning C4996: 'sprintf': This function or variable may be unsafe. Consider using sprintf_s instead. To disable deprecation, use _CRT_SECURE_NO_WARNINGS. See online help for details.
  C:\Program Files (x86)\Windows Kits\10\Include\10.0.10240.0\ucrt\stdio.h(1769): note: see declaration of 'sprintf'
..\..\..\SRC\tcl\commands.cpp(5942): warning C4996: 'sprintf': This function or variable may be unsafe. Consider using sprintf_s instead. To disable deprecation, use _CRT_SECURE_NO_WARNINGS. See online help for details.
  C:\Program Files (x86)\Windows Kits\10\Include\10.0.10240.0\ucrt\stdio.h(1769): note: see declaration of 'sprintf'
..\..\..\SRC\tcl\commands.cpp(5947): warning C4996: 'sprintf': This function or variable may be unsafe. Consider using sprintf_s instead. To disable deprecation, use _CRT_SECURE_NO_WARNINGS. See online help for details.
  C:\Program Files (x86)\Windows Kits\10\Include\10.0.10240.0\ucrt\stdio.h(1769): note: see declaration of 'sprintf'
..\..\..\SRC\tcl\commands.cpp(5998): warning C4996: 'sprintf': This function or variable may be unsafe. Consider using sprintf_s instead. To disable deprecation, use _CRT_SECURE_NO_WARNINGS. See online help for details.
  C:\Program Files (x86)\Windows Kits\10\Include\10.0.10240.0\ucrt\stdio.h(1769): note: see declaration of 'sprintf'
..\..\..\SRC\tcl\commands.cpp(6053): warning C4996: 'sprintf': This function or variable may be unsafe. Consider using sprintf_s instead. To disable deprecation, use _CRT_SECURE_NO_WARNINGS. See online help for details.
  C:\Program Files (x86)\Windows Kits\10\Include\10.0.10240.0\ucrt\stdio.h(1769): note: see declaration of 'sprintf'
..\..\..\SRC\tcl\commands.cpp(6060): warning C4996: 'sprintf': This function or variable may be unsafe. Consider using sprintf_s instead. To disable deprecation, use _CRT_SECURE_NO_WARNINGS. See online help for details.
  C:\Program Files (x86)\Windows Kits\10\Include\10.0.10240.0\ucrt\stdio.h(1769): note: see declaration of 'sprintf'
..\..\..\SRC\tcl\commands.cpp(6140): warning C4996: 'strcpy': This function or variable may be unsafe. Consider using strcpy_s instead. To disable deprecation, use _CRT_SECURE_NO_WARNINGS. See online help for details.
  C:\Program Files (x86)\Windows Kits\10\Include\10.0.10240.0\ucrt\string.h(119): note: see declaration of 'strcpy'
..\..\..\SRC\tcl\commands.cpp(6148): warning C4996: 'sprintf': This function or variable may be unsafe. Consider using sprintf_s instead. To disable deprecation, use _CRT_SECURE_NO_WARNINGS. See online help for details.
  C:\Program Files (x86)\Windows Kits\10\Include\10.0.10240.0\ucrt\stdio.h(1769): note: see declaration of 'sprintf'
..\..\..\SRC\tcl\commands.cpp(6189): warning C4996: 'sprintf': This function or variable may be unsafe. Consider using sprintf_s instead. To disable deprecation, use _CRT_SECURE_NO_WARNINGS. See online help for details.
  C:\Program Files (x86)\Windows Kits\10\Include\10.0.10240.0\ucrt\stdio.h(1769): note: see declaration of 'sprintf'
..\..\..\SRC\tcl\commands.cpp(6223): warning C4996: 'sprintf': This function or variable may be unsafe. Consider using sprintf_s instead. To disable deprecation, use _CRT_SECURE_NO_WARNINGS. See online help for details.
  C:\Program Files (x86)\Windows Kits\10\Include\10.0.10240.0\ucrt\stdio.h(1769): note: see declaration of 'sprintf'
..\..\..\SRC\tcl\commands.cpp(6249): warning C4996: 'sprintf': This function or variable may be unsafe. Consider using sprintf_s instead. To disable deprecation, use _CRT_SECURE_NO_WARNINGS. See online help for details.
  C:\Program Files (x86)\Windows Kits\10\Include\10.0.10240.0\ucrt\stdio.h(1769): note: see declaration of 'sprintf'
..\..\..\SRC\tcl\commands.cpp(6296): warning C4996: 'sprintf': This function or variable may be unsafe. Consider using sprintf_s instead. To disable deprecation, use _CRT_SECURE_NO_WARNINGS. See online help for details.
  C:\Program Files (x86)\Windows Kits\10\Include\10.0.10240.0\ucrt\stdio.h(1769): note: see declaration of 'sprintf'
..\..\..\SRC\tcl\commands.cpp(6301): warning C4996: 'sprintf': This function or variable may be unsafe. Consider using sprintf_s instead. To disable deprecation, use _CRT_SECURE_NO_WARNINGS. See online help for details.
  C:\Program Files (x86)\Windows Kits\10\Include\10.0.10240.0\ucrt\stdio.h(1769): note: see declaration of 'sprintf'
..\..\..\SRC\tcl\commands.cpp(6397): warning C4996: 'sprintf': This function or variable may be unsafe. Consider using sprintf_s instead. To disable deprecation, use _CRT_SECURE_NO_WARNINGS. See online help for details.
  C:\Program Files (x86)\Windows Kits\10\Include\10.0.10240.0\ucrt\stdio.h(1769): note: see declaration of 'sprintf'
..\..\..\SRC\tcl\commands.cpp(6401): warning C4996: 'sprintf': This function or variable may be unsafe. Consider using sprintf_s instead. To disable deprecation, use _CRT_SECURE_NO_WARNINGS. See online help for details.
  C:\Program Files (x86)\Windows Kits\10\Include\10.0.10240.0\ucrt\stdio.h(1769): note: see declaration of 'sprintf'
..\..\..\SRC\tcl\commands.cpp(6443): warning C4996: 'sprintf': This function or variable may be unsafe. Consider using sprintf_s instead. To disable deprecation, use _CRT_SECURE_NO_WARNINGS. See online help for details.
  C:\Program Files (x86)\Windows Kits\10\Include\10.0.10240.0\ucrt\stdio.h(1769): note: see declaration of 'sprintf'
..\..\..\SRC\tcl\commands.cpp(6516): warning C4996: 'sprintf': This function or variable may be unsafe. Consider using sprintf_s instead. To disable deprecation, use _CRT_SECURE_NO_WARNINGS. See online help for details.
  C:\Program Files (x86)\Windows Kits\10\Include\10.0.10240.0\ucrt\stdio.h(1769): note: see declaration of 'sprintf'
..\..\..\SRC\tcl\commands.cpp(6565): warning C4996: 'sprintf': This function or variable may be unsafe. Consider using sprintf_s instead. To disable deprecation, use _CRT_SECURE_NO_WARNINGS. See online help for details.
  C:\Program Files (x86)\Windows Kits\10\Include\10.0.10240.0\ucrt\stdio.h(1769): note: see declaration of 'sprintf'
..\..\..\SRC\tcl\commands.cpp(6614): warning C4996: 'sprintf': This function or variable may be unsafe. Consider using sprintf_s instead. To disable deprecation, use _CRT_SECURE_NO_WARNINGS. See online help for details.
  C:\Program Files (x86)\Windows Kits\10\Include\10.0.10240.0\ucrt\stdio.h(1769): note: see declaration of 'sprintf'
..\..\..\SRC\tcl\commands.cpp(6662): warning C4996: 'sprintf': This function or variable may be unsafe. Consider using sprintf_s instead. To disable deprecation, use _CRT_SECURE_NO_WARNINGS. See online help for details.
  C:\Program Files (x86)\Windows Kits\10\Include\10.0.10240.0\ucrt\stdio.h(1769): note: see declaration of 'sprintf'
..\..\..\SRC\tcl\commands.cpp(6722): warning C4996: 'sprintf': This function or variable may be unsafe. Consider using sprintf_s instead. To disable deprecation, use _CRT_SECURE_NO_WARNINGS. See online help for details.
  C:\Program Files (x86)\Windows Kits\10\Include\10.0.10240.0\ucrt\stdio.h(1769): note: see declaration of 'sprintf'
..\..\..\SRC\tcl\commands.cpp(6743): warning C4996: 'sprintf': This function or variable may be unsafe. Consider using sprintf_s instead. To disable deprecation, use _CRT_SECURE_NO_WARNINGS. See online help for details.
  C:\Program Files (x86)\Windows Kits\10\Include\10.0.10240.0\ucrt\stdio.h(1769): note: see declaration of 'sprintf'
..\..\..\SRC\tcl\commands.cpp(6792): warning C4996: 'sprintf': This function or variable may be unsafe. Consider using sprintf_s instead. To disable deprecation, use _CRT_SECURE_NO_WARNINGS. See online help for details.
  C:\Program Files (x86)\Windows Kits\10\Include\10.0.10240.0\ucrt\stdio.h(1769): note: see declaration of 'sprintf'
..\..\..\SRC\tcl\commands.cpp(6813): warning C4996: 'sprintf': This function or variable may be unsafe. Consider using sprintf_s instead. To disable deprecation, use _CRT_SECURE_NO_WARNINGS. See online help for details.
  C:\Program Files (x86)\Windows Kits\10\Include\10.0.10240.0\ucrt\stdio.h(1769): note: see declaration of 'sprintf'
..\..\..\SRC\tcl\commands.cpp(6860): warning C4996: 'sprintf': This function or variable may be unsafe. Consider using sprintf_s instead. To disable deprecation, use _CRT_SECURE_NO_WARNINGS. See online help for details.
  C:\Program Files (x86)\Windows Kits\10\Include\10.0.10240.0\ucrt\stdio.h(1769): note: see declaration of 'sprintf'
..\..\..\SRC\tcl\commands.cpp(6881): warning C4996: 'sprintf': This function or variable may be unsafe. Consider using sprintf_s instead. To disable deprecation, use _CRT_SECURE_NO_WARNINGS. See online help for details.
  C:\Program Files (x86)\Windows Kits\10\Include\10.0.10240.0\ucrt\stdio.h(1769): note: see declaration of 'sprintf'
..\..\..\SRC\tcl\commands.cpp(6941): warning C4996: 'sprintf': This function or variable may be unsafe. Consider using sprintf_s instead. To disable deprecation, use _CRT_SECURE_NO_WARNINGS. See online help for details.
  C:\Program Files (x86)\Windows Kits\10\Include\10.0.10240.0\ucrt\stdio.h(1769): note: see declaration of 'sprintf'
..\..\..\SRC\tcl\commands.cpp(7000): warning C4996: 'sprintf': This function or variable may be unsafe. Consider using sprintf_s instead. To disable deprecation, use _CRT_SECURE_NO_WARNINGS. See online help for details.
  C:\Program Files (x86)\Windows Kits\10\Include\10.0.10240.0\ucrt\stdio.h(1769): note: see declaration of 'sprintf'
..\..\..\SRC\tcl\commands.cpp(7043): warning C4996: 'sprintf': This function or variable may be unsafe. Consider using sprintf_s instead. To disable deprecation, use _CRT_SECURE_NO_WARNINGS. See online help for details.
  C:\Program Files (x86)\Windows Kits\10\Include\10.0.10240.0\ucrt\stdio.h(1769): note: see declaration of 'sprintf'
..\..\..\SRC\tcl\commands.cpp(7067): warning C4996: 'sprintf': This function or variable may be unsafe. Consider using sprintf_s instead. To disable deprecation, use _CRT_SECURE_NO_WARNINGS. See online help for details.
  C:\Program Files (x86)\Windows Kits\10\Include\10.0.10240.0\ucrt\stdio.h(1769): note: see declaration of 'sprintf'
..\..\..\SRC\tcl\commands.cpp(7111): warning C4996: 'sprintf': This function or variable may be unsafe. Consider using sprintf_s instead. To disable deprecation, use _CRT_SECURE_NO_WARNINGS. See online help for details.
  C:\Program Files (x86)\Windows Kits\10\Include\10.0.10240.0\ucrt\stdio.h(1769): note: see declaration of 'sprintf'
..\..\..\SRC\tcl\commands.cpp(7135): warning C4996: 'sprintf': This function or variable may be unsafe. Consider using sprintf_s instead. To disable deprecation, use _CRT_SECURE_NO_WARNINGS. See online help for details.
  C:\Program Files (x86)\Windows Kits\10\Include\10.0.10240.0\ucrt\stdio.h(1769): note: see declaration of 'sprintf'
..\..\..\SRC\tcl\commands.cpp(7200): warning C4996: 'sprintf': This function or variable may be unsafe. Consider using sprintf_s instead. To disable deprecation, use _CRT_SECURE_NO_WARNINGS. See online help for details.
  C:\Program Files (x86)\Windows Kits\10\Include\10.0.10240.0\ucrt\stdio.h(1769): note: see declaration of 'sprintf'
..\..\..\SRC\tcl\commands.cpp(7160): warning C4101: 'secNum': unreferenced local variable
..\..\..\SRC\tcl\commands.cpp(7263): warning C4996: 'sprintf': This function or variable may be unsafe. Consider using sprintf_s instead. To disable deprecation, use _CRT_SECURE_NO_WARNINGS. See online help for details.
  C:\Program Files (x86)\Windows Kits\10\Include\10.0.10240.0\ucrt\stdio.h(1769): note: see declaration of 'sprintf'
..\..\..\SRC\tcl\commands.cpp(7223): warning C4101: 'secNum': unreferenced local variable
..\..\..\SRC\tcl\commands.cpp(7327): warning C4996: 'sprintf': This function or variable may be unsafe. Consider using sprintf_s instead. To disable deprecation, use _CRT_SECURE_NO_WARNINGS. See online help for details.
  C:\Program Files (x86)\Windows Kits\10\Include\10.0.10240.0\ucrt\stdio.h(1769): note: see declaration of 'sprintf'
..\..\..\SRC\tcl\commands.cpp(7286): warning C4101: 'secNum': unreferenced local variable
..\..\..\SRC\tcl\commands.cpp(7625): warning C4996: 'sprintf': This function or variable may be unsafe. Consider using sprintf_s instead. To disable deprecation, use _CRT_SECURE_NO_WARNINGS. See online help for details.
  C:\Program Files (x86)\Windows Kits\10\Include\10.0.10240.0\ucrt\stdio.h(1769): note: see declaration of 'sprintf'
..\..\..\SRC\tcl\commands.cpp(7645): warning C4996: 'sprintf': This function or variable may be unsafe. Consider using sprintf_s instead. To disable deprecation, use _CRT_SECURE_NO_WARNINGS. See online help for details.
  C:\Program Files (x86)\Windows Kits\10\Include\10.0.10240.0\ucrt\stdio.h(1769): note: see declaration of 'sprintf'
..\..\..\SRC\tcl\commands.cpp(7658): warning C4996: 'sprintf': This function or variable may be unsafe. Consider using sprintf_s instead. To disable deprecation, use _CRT_SECURE_NO_WARNINGS. See online help for details.
  C:\Program Files (x86)\Windows Kits\10\Include\10.0.10240.0\ucrt\stdio.h(1769): note: see declaration of 'sprintf'
..\..\..\SRC\tcl\commands.cpp(7674): warning C4996: 'sprintf': This function or variable may be unsafe. Consider using sprintf_s instead. To disable deprecation, use _CRT_SECURE_NO_WARNINGS. See online help for details.
  C:\Program Files (x86)\Windows Kits\10\Include\10.0.10240.0\ucrt\stdio.h(1769): note: see declaration of 'sprintf'
..\..\..\SRC\tcl\commands.cpp(7690): warning C4996: 'sprintf': This function or variable may be unsafe. Consider using sprintf_s instead. To disable deprecation, use _CRT_SECURE_NO_WARNINGS. See online help for details.
  C:\Program Files (x86)\Windows Kits\10\Include\10.0.10240.0\ucrt\stdio.h(1769): note: see declaration of 'sprintf'
..\..\..\SRC\tcl\commands.cpp(7716): warning C4996: 'sprintf': This function or variable may be unsafe. Consider using sprintf_s instead. To disable deprecation, use _CRT_SECURE_NO_WARNINGS. See online help for details.
  C:\Program Files (x86)\Windows Kits\10\Include\10.0.10240.0\ucrt\stdio.h(1769): note: see declaration of 'sprintf'
..\..\..\SRC\tcl\commands.cpp(8021): warning C4996: 'sprintf': This function or variable may be unsafe. Consider using sprintf_s instead. To disable deprecation, use _CRT_SECURE_NO_WARNINGS. See online help for details.
  C:\Program Files (x86)\Windows Kits\10\Include\10.0.10240.0\ucrt\stdio.h(1769): note: see declaration of 'sprintf'
..\..\..\SRC\tcl\commands.cpp(8022): warning C4996: 'sprintf': This function or variable may be unsafe. Consider using sprintf_s instead. To disable deprecation, use _CRT_SECURE_NO_WARNINGS. See online help for details.
  C:\Program Files (x86)\Windows Kits\10\Include\10.0.10240.0\ucrt\stdio.h(1769): note: see declaration of 'sprintf'
..\..\..\SRC\tcl\commands.cpp(8023): warning C4996: 'sprintf': This function or variable may be unsafe. Consider using sprintf_s instead. To disable deprecation, use _CRT_SECURE_NO_WARNINGS. See online help for details.
  C:\Program Files (x86)\Windows Kits\10\Include\10.0.10240.0\ucrt\stdio.h(1769): note: see declaration of 'sprintf'
..\..\..\SRC\tcl\commands.cpp(8024): warning C4996: 'sprintf': This function or variable may be unsafe. Consider using sprintf_s instead. To disable deprecation, use _CRT_SECURE_NO_WARNINGS. See online help for details.
  C:\Program Files (x86)\Windows Kits\10\Include\10.0.10240.0\ucrt\stdio.h(1769): note: see declaration of 'sprintf'
..\..\..\SRC\tcl\commands.cpp(8025): warning C4996: 'sprintf': This function or variable may be unsafe. Consider using sprintf_s instead. To disable deprecation, use _CRT_SECURE_NO_WARNINGS. See online help for details.
  C:\Program Files (x86)\Windows Kits\10\Include\10.0.10240.0\ucrt\stdio.h(1769): note: see declaration of 'sprintf'
..\..\..\SRC\tcl\commands.cpp(8026): warning C4996: 'sprintf': This function or variable may be unsafe. Consider using sprintf_s instead. To disable deprecation, use _CRT_SECURE_NO_WARNINGS. See online help for details.
  C:\Program Files (x86)\Windows Kits\10\Include\10.0.10240.0\ucrt\stdio.h(1769): note: see declaration of 'sprintf'
..\..\..\SRC\tcl\commands.cpp(8027): warning C4996: 'sprintf': This function or variable may be unsafe. Consider using sprintf_s instead. To disable deprecation, use _CRT_SECURE_NO_WARNINGS. See online help for details.
  C:\Program Files (x86)\Windows Kits\10\Include\10.0.10240.0\ucrt\stdio.h(1769): note: see declaration of 'sprintf'
..\..\..\SRC\tcl\commands.cpp(8029): warning C4996: 'sprintf': This function or variable may be unsafe. Consider using sprintf_s instead. To disable deprecation, use _CRT_SECURE_NO_WARNINGS. See online help for details.
  C:\Program Files (x86)\Windows Kits\10\Include\10.0.10240.0\ucrt\stdio.h(1769): note: see declaration of 'sprintf'
..\..\..\SRC\tcl\commands.cpp(8030): warning C4996: 'sprintf': This function or variable may be unsafe. Consider using sprintf_s instead. To disable deprecation, use _CRT_SECURE_NO_WARNINGS. See online help for details.
  C:\Program Files (x86)\Windows Kits\10\Include\10.0.10240.0\ucrt\stdio.h(1769): note: see declaration of 'sprintf'
..\..\..\SRC\tcl\commands.cpp(8031): warning C4996: 'sprintf': This function or variable may be unsafe. Consider using sprintf_s instead. To disable deprecation, use _CRT_SECURE_NO_WARNINGS. See online help for details.
  C:\Program Files (x86)\Windows Kits\10\Include\10.0.10240.0\ucrt\stdio.h(1769): note: see declaration of 'sprintf'
..\..\..\SRC\tcl\commands.cpp(8032): warning C4996: 'sprintf': This function or variable may be unsafe. Consider using sprintf_s instead. To disable deprecation, use _CRT_SECURE_NO_WARNINGS. See online help for details.
  C:\Program Files (x86)\Windows Kits\10\Include\10.0.10240.0\ucrt\stdio.h(1769): note: see declaration of 'sprintf'
..\..\..\SRC\tcl\commands.cpp(8033): warning C4996: 'sprintf': This function or variable may be unsafe. Consider using sprintf_s instead. To disable deprecation, use _CRT_SECURE_NO_WARNINGS. See online help for details.
  C:\Program Files (x86)\Windows Kits\10\Include\10.0.10240.0\ucrt\stdio.h(1769): note: see declaration of 'sprintf'
..\..\..\SRC\tcl\commands.cpp(8034): warning C4996: 'sprintf': This function or variable may be unsafe. Consider using sprintf_s instead. To disable deprecation, use _CRT_SECURE_NO_WARNINGS. See online help for details.
  C:\Program Files (x86)\Windows Kits\10\Include\10.0.10240.0\ucrt\stdio.h(1769): note: see declaration of 'sprintf'
..\..\..\SRC\tcl\commands.cpp(8035): warning C4996: 'sprintf': This function or variable may be unsafe. Consider using sprintf_s instead. To disable deprecation, use _CRT_SECURE_NO_WARNINGS. See online help for details.
  C:\Program Files (x86)\Windows Kits\10\Include\10.0.10240.0\ucrt\stdio.h(1769): note: see declaration of 'sprintf'
..\..\..\SRC\tcl\commands.cpp(8037): warning C4996: 'sprintf': This function or variable may be unsafe. Consider using sprintf_s instead. To disable deprecation, use _CRT_SECURE_NO_WARNINGS. See online help for details.
  C:\Program Files (x86)\Windows Kits\10\Include\10.0.10240.0\ucrt\stdio.h(1769): note: see declaration of 'sprintf'
..\..\..\SRC\tcl\commands.cpp(8038): warning C4996: 'sprintf': This function or variable may be unsafe. Consider using sprintf_s instead. To disable deprecation, use _CRT_SECURE_NO_WARNINGS. See online help for details.
  C:\Program Files (x86)\Windows Kits\10\Include\10.0.10240.0\ucrt\stdio.h(1769): note: see declaration of 'sprintf'
..\..\..\SRC\tcl\commands.cpp(8041): warning C4996: 'sprintf': This function or variable may be unsafe. Consider using sprintf_s instead. To disable deprecation, use _CRT_SECURE_NO_WARNINGS. See online help for details.
  C:\Program Files (x86)\Windows Kits\10\Include\10.0.10240.0\ucrt\stdio.h(1769): note: see declaration of 'sprintf'
..\..\..\SRC\tcl\commands.cpp(8042): warning C4996: 'sprintf': This function or variable may be unsafe. Consider using sprintf_s instead. To disable deprecation, use _CRT_SECURE_NO_WARNINGS. See online help for details.
  C:\Program Files (x86)\Windows Kits\10\Include\10.0.10240.0\ucrt\stdio.h(1769): note: see declaration of 'sprintf'
..\..\..\SRC\tcl\commands.cpp(8043): warning C4996: 'sprintf': This function or variable may be unsafe. Consider using sprintf_s instead. To disable deprecation, use _CRT_SECURE_NO_WARNINGS. See online help for details.
  C:\Program Files (x86)\Windows Kits\10\Include\10.0.10240.0\ucrt\stdio.h(1769): note: see declaration of 'sprintf'
..\..\..\SRC\tcl\commands.cpp(8044): warning C4996: 'sprintf': This function or variable may be unsafe. Consider using sprintf_s instead. To disable deprecation, use _CRT_SECURE_NO_WARNINGS. See online help for details.
  C:\Program Files (x86)\Windows Kits\10\Include\10.0.10240.0\ucrt\stdio.h(1769): note: see declaration of 'sprintf'
..\..\..\SRC\tcl\commands.cpp(8045): warning C4996: 'sprintf': This function or variable may be unsafe. Consider using sprintf_s instead. To disable deprecation, use _CRT_SECURE_NO_WARNINGS. See online help for details.
  C:\Program Files (x86)\Windows Kits\10\Include\10.0.10240.0\ucrt\stdio.h(1769): note: see declaration of 'sprintf'
..\..\..\SRC\tcl\commands.cpp(8046): warning C4996: 'sprintf': This function or variable may be unsafe. Consider using sprintf_s instead. To disable deprecation, use _CRT_SECURE_NO_WARNINGS. See online help for details.
  C:\Program Files (x86)\Windows Kits\10\Include\10.0.10240.0\ucrt\stdio.h(1769): note: see declaration of 'sprintf'
..\..\..\SRC\tcl\commands.cpp(8047): warning C4996: 'sprintf': This function or variable may be unsafe. Consider using sprintf_s instead. To disable deprecation, use _CRT_SECURE_NO_WARNINGS. See online help for details.
  C:\Program Files (x86)\Windows Kits\10\Include\10.0.10240.0\ucrt\stdio.h(1769): note: see declaration of 'sprintf'
..\..\..\SRC\tcl\commands.cpp(8048): warning C4996: 'sprintf': This function or variable may be unsafe. Consider using sprintf_s instead. To disable deprecation, use _CRT_SECURE_NO_WARNINGS. See online help for details.
  C:\Program Files (x86)\Windows Kits\10\Include\10.0.10240.0\ucrt\stdio.h(1769): note: see declaration of 'sprintf'
..\..\..\SRC\tcl\commands.cpp(8049): warning C4996: 'sprintf': This function or variable may be unsafe. Consider using sprintf_s instead. To disable deprecation, use _CRT_SECURE_NO_WARNINGS. See online help for details.
  C:\Program Files (x86)\Windows Kits\10\Include\10.0.10240.0\ucrt\stdio.h(1769): note: see declaration of 'sprintf'
..\..\..\SRC\tcl\commands.cpp(8050): warning C4996: 'sprintf': This function or variable may be unsafe. Consider using sprintf_s instead. To disable deprecation, use _CRT_SECURE_NO_WARNINGS. See online help for details.
  C:\Program Files (x86)\Windows Kits\10\Include\10.0.10240.0\ucrt\stdio.h(1769): note: see declaration of 'sprintf'
..\..\..\SRC\tcl\commands.cpp(8051): warning C4996: 'sprintf': This function or variable may be unsafe. Consider using sprintf_s instead. To disable deprecation, use _CRT_SECURE_NO_WARNINGS. See online help for details.
  C:\Program Files (x86)\Windows Kits\10\Include\10.0.10240.0\ucrt\stdio.h(1769): note: see declaration of 'sprintf'
..\..\..\SRC\tcl\commands.cpp(8052): warning C4996: 'sprintf': This function or variable may be unsafe. Consider using sprintf_s instead. To disable deprecation, use _CRT_SECURE_NO_WARNINGS. See online help for details.
  C:\Program Files (x86)\Windows Kits\10\Include\10.0.10240.0\ucrt\stdio.h(1769): note: see declaration of 'sprintf'
..\..\..\SRC\tcl\commands.cpp(8053): warning C4996: 'sprintf': This function or variable may be unsafe. Consider using sprintf_s instead. To disable deprecation, use _CRT_SECURE_NO_WARNINGS. See online help for details.
  C:\Program Files (x86)\Windows Kits\10\Include\10.0.10240.0\ucrt\stdio.h(1769): note: see declaration of 'sprintf'
..\..\..\SRC\tcl\commands.cpp(8054): warning C4996: 'sprintf': This function or variable may be unsafe. Consider using sprintf_s instead. To disable deprecation, use _CRT_SECURE_NO_WARNINGS. See online help for details.
  C:\Program Files (x86)\Windows Kits\10\Include\10.0.10240.0\ucrt\stdio.h(1769): note: see declaration of 'sprintf'
..\..\..\SRC\tcl\commands.cpp(8055): warning C4996: 'sprintf': This function or variable may be unsafe. Consider using sprintf_s instead. To disable deprecation, use _CRT_SECURE_NO_WARNINGS. See online help for details.
  C:\Program Files (x86)\Windows Kits\10\Include\10.0.10240.0\ucrt\stdio.h(1769): note: see declaration of 'sprintf'
..\..\..\SRC\tcl\commands.cpp(8056): warning C4996: 'sprintf': This function or variable may be unsafe. Consider using sprintf_s instead. To disable deprecation, use _CRT_SECURE_NO_WARNINGS. See online help for details.
  C:\Program Files (x86)\Windows Kits\10\Include\10.0.10240.0\ucrt\stdio.h(1769): note: see declaration of 'sprintf'
..\..\..\SRC\tcl\commands.cpp(8057): warning C4996: 'sprintf': This function or variable may be unsafe. Consider using sprintf_s instead. To disable deprecation, use _CRT_SECURE_NO_WARNINGS. See online help for details.
  C:\Program Files (x86)\Windows Kits\10\Include\10.0.10240.0\ucrt\stdio.h(1769): note: see declaration of 'sprintf'
..\..\..\SRC\tcl\commands.cpp(8138): warning C4996: 'strcpy': This function or variable may be unsafe. Consider using strcpy_s instead. To disable deprecation, use _CRT_SECURE_NO_WARNINGS. See online help for details.
  C:\Program Files (x86)\Windows Kits\10\Include\10.0.10240.0\ucrt\string.h(119): note: see declaration of 'strcpy'
..\..\..\SRC\tcl\commands.cpp(8277): warning C4390: ';': empty controlled statement found; is this the intent?
..\..\..\SRC\tcl\commands.cpp(8443): warning C4996: 'sprintf': This function or variable may be unsafe. Consider using sprintf_s instead. To disable deprecation, use _CRT_SECURE_NO_WARNINGS. See online help for details.
  C:\Program Files (x86)\Windows Kits\10\Include\10.0.10240.0\ucrt\stdio.h(1769): note: see declaration of 'sprintf'
..\..\..\SRC\tcl\commands.cpp(8457): warning C4996: 'sprintf': This function or variable may be unsafe. Consider using sprintf_s instead. To disable deprecation, use _CRT_SECURE_NO_WARNINGS. See online help for details.
  C:\Program Files (x86)\Windows Kits\10\Include\10.0.10240.0\ucrt\stdio.h(1769): note: see declaration of 'sprintf'
..\..\..\SRC\tcl\commands.cpp(8471): warning C4996: 'sprintf': This function or variable may be unsafe. Consider using sprintf_s instead. To disable deprecation, use _CRT_SECURE_NO_WARNINGS. See online help for details.
  C:\Program Files (x86)\Windows Kits\10\Include\10.0.10240.0\ucrt\stdio.h(1769): note: see declaration of 'sprintf'
..\..\..\SRC\tcl\commands.cpp(8485): warning C4996: 'sprintf': This function or variable may be unsafe. Consider using sprintf_s instead. To disable deprecation, use _CRT_SECURE_NO_WARNINGS. See online help for details.
  C:\Program Files (x86)\Windows Kits\10\Include\10.0.10240.0\ucrt\stdio.h(1769): note: see declaration of 'sprintf'
..\..\..\SRC\tcl\commands.cpp(8497): warning C4996: 'sprintf': This function or variable may be unsafe. Consider using sprintf_s instead. To disable deprecation, use _CRT_SECURE_NO_WARNINGS. See online help for details.
  C:\Program Files (x86)\Windows Kits\10\Include\10.0.10240.0\ucrt\stdio.h(1769): note: see declaration of 'sprintf'
..\..\..\SRC\tcl\commands.cpp(8502): warning C4996: 'sprintf': This function or variable may be unsafe. Consider using sprintf_s instead. To disable deprecation, use _CRT_SECURE_NO_WARNINGS. See online help for details.
  C:\Program Files (x86)\Windows Kits\10\Include\10.0.10240.0\ucrt\stdio.h(1769): note: see declaration of 'sprintf'
..\..\..\SRC\tcl\commands.cpp(8516): warning C4996: 'sprintf': This function or variable may be unsafe. Consider using sprintf_s instead. To disable deprecation, use _CRT_SECURE_NO_WARNINGS. See online help for details.
  C:\Program Files (x86)\Windows Kits\10\Include\10.0.10240.0\ucrt\stdio.h(1769): note: see declaration of 'sprintf'
..\..\..\SRC\tcl\commands.cpp(8528): warning C4996: 'sprintf': This function or variable may be unsafe. Consider using sprintf_s instead. To disable deprecation, use _CRT_SECURE_NO_WARNINGS. See online help for details.
  C:\Program Files (x86)\Windows Kits\10\Include\10.0.10240.0\ucrt\stdio.h(1769): note: see declaration of 'sprintf'
..\..\..\SRC\tcl\commands.cpp(8550): warning C4996: 'strcpy': This function or variable may be unsafe. Consider using strcpy_s instead. To disable deprecation, use _CRT_SECURE_NO_WARNINGS. See online help for details.
  C:\Program Files (x86)\Windows Kits\10\Include\10.0.10240.0\ucrt\string.h(119): note: see declaration of 'strcpy'
..\..\..\SRC\tcl\commands.cpp(8562): warning C4996: 'fopen': This function or variable may be unsafe. Consider using fopen_s instead. To disable deprecation, use _CRT_SECURE_NO_WARNINGS. See online help for details.
  C:\Program Files (x86)\Windows Kits\10\Include\10.0.10240.0\ucrt\stdio.h(205): note: see declaration of 'fopen'
..\..\..\SRC\tcl\commands.cpp(8566): warning C4996: 'fscanf': This function or variable may be unsafe. Consider using fscanf_s instead. To disable deprecation, use _CRT_SECURE_NO_WARNINGS. See online help for details.
  C:\Program Files (x86)\Windows Kits\10\Include\10.0.10240.0\ucrt\stdio.h(1193): note: see declaration of 'fscanf'
..\..\..\SRC\tcl\commands.cpp(8570): warning C4996: 'strcpy': This function or variable may be unsafe. Consider using strcpy_s instead. To disable deprecation, use _CRT_SECURE_NO_WARNINGS. See online help for details.
  C:\Program Files (x86)\Windows Kits\10\Include\10.0.10240.0\ucrt\string.h(119): note: see declaration of 'strcpy'
..\..\..\SRC\tcl\commands.cpp(8586): warning C4996: 'strcpy': This function or variable may be unsafe. Consider using strcpy_s instead. To disable deprecation, use _CRT_SECURE_NO_WARNINGS. See online help for details.
  C:\Program Files (x86)\Windows Kits\10\Include\10.0.10240.0\ucrt\string.h(119): note: see declaration of 'strcpy'
  elementAPI_TCL.cpp
..\..\..\SRC\api\elementAPI_TCL.cpp(121): warning C4244: 'initializing': conversion from 'double' to 'int', possible loss of data
..\..\..\SRC\api\elementAPI_TCL.cpp(234): warning C4996: 'strcpy': This function or variable may be unsafe. Consider using strcpy_s instead. To disable deprecation, use _CRT_SECURE_NO_WARNINGS. See online help for details.
  C:\Program Files (x86)\Windows Kits\10\Include\10.0.10240.0\ucrt\string.h(119): note: see declaration of 'strcpy'
..\..\..\SRC\api\elementAPI_TCL.cpp(379): warning C4996: 'strcpy': This function or variable may be unsafe. Consider using strcpy_s instead. To disable deprecation, use _CRT_SECURE_NO_WARNINGS. See online help for details.
  C:\Program Files (x86)\Windows Kits\10\Include\10.0.10240.0\ucrt\string.h(119): note: see declaration of 'strcpy'
..\..\..\SRC\api\elementAPI_TCL.cpp(429): warning C4996: 'strcpy': This function or variable may be unsafe. Consider using strcpy_s instead. To disable deprecation, use _CRT_SECURE_NO_WARNINGS. See online help for details.
  C:\Program Files (x86)\Windows Kits\10\Include\10.0.10240.0\ucrt\string.h(119): note: see declaration of 'strcpy'
..\..\..\SRC\api\elementAPI_TCL.cpp(482): warning C4996: 'strcpy': This function or variable may be unsafe. Consider using strcpy_s instead. To disable deprecation, use _CRT_SECURE_NO_WARNINGS. See online help for details.
  C:\Program Files (x86)\Windows Kits\10\Include\10.0.10240.0\ucrt\string.h(119): note: see declaration of 'strcpy'
  myCommands.cpp
  Generating Code...
  tcl.vcxproj -> F:\OpenSeesR6236\Win64\proj\tcl\.\..\..\lib\debug\tcl.lib
